Using pre-set license
Built from '2021.1/china_unity/release' branch; Version is '2021.1.7f1c1 (4e944ebb9621) revision 5149774'; Using compiler version '192528614'; Build Type 'Release'
OS: 'Windows 10 Home China; OS build 19044.2604; Version 2009; 64bit' Language: 'zh' Physical Memory: 11928 MB
BatchMode: 1, IsHumanControllingUs: 0, StartBugReporterOnCrash: 0, Is64bit: 1, IsPro: 0

 COMMAND LINE ARGUMENTS:
E:\GraduationDesign\unity hub downloads\2021.1.7f1c1\Editor\Unity.exe
-adb2
-batchMode
-noUpm
-name
AssetImportWorker1
-projectPath
E:/GraduationDesign/Geocentric-plan
-logFile
Logs/AssetImportWorker1.log
-srvPort
3189
Successfully changed project path to: E:/GraduationDesign/Geocentric-plan
E:/GraduationDesign/Geocentric-plan
Using Asset Import Pipeline V2.
Refreshing native plugins compatible for Editor in 73.75 ms, found 0 plugins.
Preloading 0 native plugins for Editor in 0.00 ms.
Initialize engine version: 2021.1.7f1c1 (4e944ebb9621)
[Subsystems] Discovering subsystems at path E:/GraduationDesign/unity hub downloads/2021.1.7f1c1/Editor/Data/Resources/UnitySubsystems
[Subsystems] Discovering subsystems at path E:/GraduationDesign/Geocentric-plan/Assets
GfxDevice: creating device client; threaded=0; jobified=0
Direct3D:
    Version:  Direct3D 11.0 [level 11.1]
    Renderer: NVIDIA GeForce GTX 1050 Ti with Max-Q Design (ID=0x1c8c)
    Vendor:   NVIDIA
    VRAM:     1979 MB
    Driver:   24.21.13.9907
Shader 'Universal Render Pipeline/Particles/Lit': fallback shader 'Universal Render Pipeline/Particles/SimpleLit' not found
Initialize mono
Mono path[0] = 'E:/GraduationDesign/unity hub downloads/2021.1.7f1c1/Editor/Data/Managed'
Mono path[1] = 'E:/GraduationDesign/unity hub downloads/2021.1.7f1c1/Editor/Data/MonoBleedingEdge/lib/mono/unityjit'
Mono config path = 'E:/GraduationDesign/unity hub downloads/2021.1.7f1c1/Editor/Data/MonoBleedingEdge/etc'
Using monoOptions --debugger-agent=transport=dt_socket,embedding=1,server=y,suspend=n,address=127.0.0.1:56520
Begin MonoManager ReloadAssembly
Registering precompiled unity dll's ...
Register platform support module: E:/GraduationDesign/unity hub downloads/2021.1.7f1c1/Editor/Data/PlaybackEngines/WindowsStandaloneSupport/UnityEditor.WindowsStandalone.Extensions.dll
Registered in 0.001523 seconds.
Native extension for WindowsStandalone target not found
Refreshing native plugins compatible for Editor in 50.53 ms, found 0 plugins.
Preloading 0 native plugins for Editor in 0.00 ms.
Mono: successfully reloaded assembly
- Completed reload, in  1.722 seconds
Platform modules already initialized, skipping
Registering precompiled user dll's ...
Registered in 0.001463 seconds.
Begin MonoManager ReloadAssembly
Native extension for WindowsStandalone target not found
Refreshing native plugins compatible for Editor in 53.15 ms, found 0 plugins.
Preloading 0 native plugins for Editor in 0.00 ms.
Mono: successfully reloaded assembly
- Completed reload, in  2.694 seconds
Platform modules already initialized, skipping
========================================================================
Worker process is ready to serve import requests
Shader 'Universal Render Pipeline/Particles/Lit': fallback shader 'Universal Render Pipeline/Particles/SimpleLit' not found
Launched and connected shader compiler UnityShaderCompiler.exe after 0.11 seconds
Refreshing native plugins compatible for Editor in 1.23 ms, found 0 plugins.
Preloading 0 native plugins for Editor in 0.00 ms.
Unloading 2215 Unused Serialized files (Serialized files now loaded: 0)
System memory in use before: 112.5 MB.
System memory in use after: 112.6 MB.

Unloading 13 unused Assets to reduce memory usage. Loaded Objects now: 2671.
Total: 2.584500 ms (FindLiveObjects: 0.251600 ms CreateObjectMapping: 0.139400 ms MarkObjects: 2.113900 ms  DeleteObjects: 0.078600 ms)

========================================================================
Received Import Request.
  path: Assets/ScriptableObjectAssets/Dungeon/DungeonRoomNodeTypes/RoomNodeType_Entrance.asset
  artifactKey: Guid(c50633dc4ecbe4840ab4c04fe4e53b8f) Importer(815301076,1909f56bfc062723c751e8b465ee728b)
Start importing Assets/ScriptableObjectAssets/Dungeon/DungeonRoomNodeTypes/RoomNodeType_Entrance.asset using Guid(c50633dc4ecbe4840ab4c04fe4e53b8f) Importer(815301076,1909f56bfc062723c751e8b465ee728b)  -> (artifact id: '6d96871ad6fd35e33c539567e549aa01') in 0.166888 seconds 
========================================================================
Received Import Request.
  Time since last request: 0.000105 seconds.
  path: Assets/Scripts/GameManager/GameResources.cs
  artifactKey: Guid(24214ec699686474c8877ddb57e8419b) Importer(815301076,1909f56bfc062723c751e8b465ee728b)
Start importing Assets/Scripts/GameManager/GameResources.cs using Guid(24214ec699686474c8877ddb57e8419b) Importer(815301076,1909f56bfc062723c751e8b465ee728b)  -> (artifact id: '0e33bca52cdf210e753e3d8e9cdef799') in 0.036508 seconds 
========================================================================
Received Import Request.
  Time since last request: 3191.451805 seconds.
  path: Assets/Scripts/NodeGraph/Editor/RoomNodeGraphEditor.cs
  artifactKey: Guid(72061c014e81a174384b5d99cf362913) Importer(815301076,1909f56bfc062723c751e8b465ee728b)
Start importing Assets/Scripts/NodeGraph/Editor/RoomNodeGraphEditor.cs using Guid(72061c014e81a174384b5d99cf362913) Importer(815301076,1909f56bfc062723c751e8b465ee728b)  -> (artifact id: '476793033dbe345aa950ee3fa6547a2a') in 0.015232 seconds 
========================================================================
Received Prepare
Registering precompiled user dll's ...
Registered in 0.001216 seconds.
Begin MonoManager ReloadAssembly
Native extension for WindowsStandalone target not found
Refreshing native plugins compatible for Editor in 0.34 ms, found 0 plugins.
Preloading 0 native plugins for Editor in 0.00 ms.
Mono: successfully reloaded assembly
- Completed reload, in  1.100 seconds
Platform modules already initialized, skipping
Shader 'Universal Render Pipeline/Particles/Lit': fallback shader 'Universal Render Pipeline/Particles/SimpleLit' not found
Refreshing native plugins compatible for Editor in 0.43 ms, found 0 plugins.
Preloading 0 native plugins for Editor in 0.00 ms.
Unloading 2102 Unused Serialized files (Serialized files now loaded: 0)
System memory in use before: 105.1 MB.
System memory in use after: 105.3 MB.

Unloading 5 unused Assets to reduce memory usage. Loaded Objects now: 2673.
Total: 4.006800 ms (FindLiveObjects: 0.771400 ms CreateObjectMapping: 0.475700 ms MarkObjects: 2.712100 ms  DeleteObjects: 0.045400 ms)

========================================================================
Received Import Request.
  Time since last request: 442.787271 seconds.
  path: Assets/Scripts/NodeGraph/Editor/RoomNodeGraphEditor.cs
  artifactKey: Guid(72061c014e81a174384b5d99cf362913) Importer(815301076,1909f56bfc062723c751e8b465ee728b)
Start importing Assets/Scripts/NodeGraph/Editor/RoomNodeGraphEditor.cs using Guid(72061c014e81a174384b5d99cf362913) Importer(815301076,1909f56bfc062723c751e8b465ee728b)  -> (artifact id: 'b542b13cb5e31c7fa0bb1db66dd86810') in 0.013421 seconds 
========================================================================
Received Import Request.
  Time since last request: 161.857091 seconds.
  path: Assets/Scripts/NodeGraph/Editor/RoomNodeGraphEditor.cs
  artifactKey: Guid(72061c014e81a174384b5d99cf362913) Importer(815301076,1909f56bfc062723c751e8b465ee728b)
Start importing Assets/Scripts/NodeGraph/Editor/RoomNodeGraphEditor.cs using Guid(72061c014e81a174384b5d99cf362913) Importer(815301076,1909f56bfc062723c751e8b465ee728b)  -> (artifact id: '53b71371fa7a527e0bfe234fc7afc05f') in 0.005152 seconds 
========================================================================
Received Prepare
Registering precompiled user dll's ...
Registered in 0.001301 seconds.
Begin MonoManager ReloadAssembly
Native extension for WindowsStandalone target not found
Refreshing native plugins compatible for Editor in 0.36 ms, found 0 plugins.
Preloading 0 native plugins for Editor in 0.00 ms.
Mono: successfully reloaded assembly
- Completed reload, in  1.200 seconds
Platform modules already initialized, skipping
Shader 'Universal Render Pipeline/Particles/Lit': fallback shader 'Universal Render Pipeline/Particles/SimpleLit' not found
Refreshing native plugins compatible for Editor in 0.41 ms, found 0 plugins.
Preloading 0 native plugins for Editor in 0.00 ms.
Unloading 2102 Unused Serialized files (Serialized files now loaded: 0)
System memory in use before: 105.2 MB.
System memory in use after: 105.3 MB.

Unloading 5 unused Assets to reduce memory usage. Loaded Objects now: 2675.
Total: 2.458800 ms (FindLiveObjects: 0.262500 ms CreateObjectMapping: 0.109800 ms MarkObjects: 2.027000 ms  DeleteObjects: 0.058300 ms)

========================================================================
Received Import Request.
  Time since last request: 96.470549 seconds.
  path: Assets/Scripts/NodeGraph/Editor/RoomNodeGraphEditor.cs
  artifactKey: Guid(72061c014e81a174384b5d99cf362913) Importer(815301076,1909f56bfc062723c751e8b465ee728b)
Start importing Assets/Scripts/NodeGraph/Editor/RoomNodeGraphEditor.cs using Guid(72061c014e81a174384b5d99cf362913) Importer(815301076,1909f56bfc062723c751e8b465ee728b)  -> (artifact id: 'e488e34c44214759af7da88333361533') in 0.011122 seconds 
========================================================================
Received Prepare
Registering precompiled user dll's ...
Registered in 0.001252 seconds.
Begin MonoManager ReloadAssembly
Native extension for WindowsStandalone target not found
Refreshing native plugins compatible for Editor in 0.39 ms, found 0 plugins.
Preloading 0 native plugins for Editor in 0.00 ms.
Mono: successfully reloaded assembly
- Completed reload, in  1.141 seconds
Platform modules already initialized, skipping
Shader 'Universal Render Pipeline/Particles/Lit': fallback shader 'Universal Render Pipeline/Particles/SimpleLit' not found
Refreshing native plugins compatible for Editor in 0.40 ms, found 0 plugins.
Preloading 0 native plugins for Editor in 0.00 ms.
Unloading 2102 Unused Serialized files (Serialized files now loaded: 0)
System memory in use before: 105.3 MB.
System memory in use after: 105.4 MB.

Unloading 5 unused Assets to reduce memory usage. Loaded Objects now: 2677.
Total: 2.212900 ms (FindLiveObjects: 0.216300 ms CreateObjectMapping: 0.111300 ms MarkObjects: 1.864300 ms  DeleteObjects: 0.020000 ms)

========================================================================
Received Import Request.
  Time since last request: 28.856587 seconds.
  path: Assets/Scripts/NodeGraph/Editor/RoomNodeGraphEditor.cs
  artifactKey: Guid(72061c014e81a174384b5d99cf362913) Importer(815301076,1909f56bfc062723c751e8b465ee728b)
Start importing Assets/Scripts/NodeGraph/Editor/RoomNodeGraphEditor.cs using Guid(72061c014e81a174384b5d99cf362913) Importer(815301076,1909f56bfc062723c751e8b465ee728b)  -> (artifact id: '0ed0be9b6b6d9090a8e3c854594725b2') in 0.013679 seconds 
========================================================================
Received Prepare
Registering precompiled user dll's ...
Registered in 0.001232 seconds.
Begin MonoManager ReloadAssembly
Native extension for WindowsStandalone target not found
Refreshing native plugins compatible for Editor in 0.35 ms, found 0 plugins.
Preloading 0 native plugins for Editor in 0.00 ms.
Mono: successfully reloaded assembly
- Completed reload, in  1.165 seconds
Platform modules already initialized, skipping
Shader 'Universal Render Pipeline/Particles/Lit': fallback shader 'Universal Render Pipeline/Particles/SimpleLit' not found
Refreshing native plugins compatible for Editor in 0.36 ms, found 0 plugins.
Preloading 0 native plugins for Editor in 0.00 ms.
Unloading 2102 Unused Serialized files (Serialized files now loaded: 0)
System memory in use before: 105.3 MB.
System memory in use after: 105.4 MB.

Unloading 5 unused Assets to reduce memory usage. Loaded Objects now: 2679.
Total: 2.254500 ms (FindLiveObjects: 0.207200 ms CreateObjectMapping: 0.125400 ms MarkObjects: 1.894300 ms  DeleteObjects: 0.026500 ms)

========================================================================
Received Import Request.
  Time since last request: 295.318209 seconds.
  path: Assets/Scripts/NodeGraph/Editor/RoomNodeGraphEditor.cs
  artifactKey: Guid(72061c014e81a174384b5d99cf362913) Importer(815301076,1909f56bfc062723c751e8b465ee728b)
Start importing Assets/Scripts/NodeGraph/Editor/RoomNodeGraphEditor.cs using Guid(72061c014e81a174384b5d99cf362913) Importer(815301076,1909f56bfc062723c751e8b465ee728b)  -> (artifact id: '070f82bdf433e1033aa6328d616c14a0') in 0.009384 seconds 
========================================================================
Received Prepare
Registering precompiled user dll's ...
Registered in 0.001250 seconds.
Begin MonoManager ReloadAssembly
Native extension for WindowsStandalone target not found
Refreshing native plugins compatible for Editor in 0.58 ms, found 0 plugins.
Preloading 0 native plugins for Editor in 0.00 ms.
Mono: successfully reloaded assembly
- Completed reload, in  1.161 seconds
Platform modules already initialized, skipping
Shader 'Universal Render Pipeline/Particles/Lit': fallback shader 'Universal Render Pipeline/Particles/SimpleLit' not found
Refreshing native plugins compatible for Editor in 0.43 ms, found 0 plugins.
Preloading 0 native plugins for Editor in 0.00 ms.
Unloading 2102 Unused Serialized files (Serialized files now loaded: 0)
System memory in use before: 105.3 MB.
System memory in use after: 105.4 MB.

Unloading 5 unused Assets to reduce memory usage. Loaded Objects now: 2681.
Total: 2.367000 ms (FindLiveObjects: 0.212900 ms CreateObjectMapping: 0.147600 ms MarkObjects: 1.989000 ms  DeleteObjects: 0.016500 ms)

========================================================================
Received Import Request.
  Time since last request: 291.992138 seconds.
  path: Assets/Scripts/NodeGraph/Editor/RoomNodeGraphEditor.cs
  artifactKey: Guid(72061c014e81a174384b5d99cf362913) Importer(815301076,1909f56bfc062723c751e8b465ee728b)
Start importing Assets/Scripts/NodeGraph/Editor/RoomNodeGraphEditor.cs using Guid(72061c014e81a174384b5d99cf362913) Importer(815301076,1909f56bfc062723c751e8b465ee728b)  -> (artifact id: '4a4a02095d1d6629663bcd14aa2183ad') in 0.015901 seconds 
========================================================================
Received Import Request.
  Time since last request: 295.810208 seconds.
  path: Assets/Scripts/NodeGraph/Editor/RoomNodeGraphEditor.cs
  artifactKey: Guid(72061c014e81a174384b5d99cf362913) Importer(815301076,1909f56bfc062723c751e8b465ee728b)
Start importing Assets/Scripts/NodeGraph/Editor/RoomNodeGraphEditor.cs using Guid(72061c014e81a174384b5d99cf362913) Importer(815301076,1909f56bfc062723c751e8b465ee728b)  -> (artifact id: 'e7509f1fdade6751a7198871873db653') in 0.008313 seconds 
========================================================================
Received Import Request.
  Time since last request: 75.111381 seconds.
  path: Assets/Scripts/NodeGraph/Editor/RoomNodeGraphEditor.cs
  artifactKey: Guid(72061c014e81a174384b5d99cf362913) Importer(815301076,1909f56bfc062723c751e8b465ee728b)
Start importing Assets/Scripts/NodeGraph/Editor/RoomNodeGraphEditor.cs using Guid(72061c014e81a174384b5d99cf362913) Importer(815301076,1909f56bfc062723c751e8b465ee728b)  -> (artifact id: '901d117aceaf876c79bc8c0334a181fc') in 0.008241 seconds 
========================================================================
Received Import Request.
  Time since last request: 127.737420 seconds.
  path: Assets/Scripts/NodeGraph/Editor/RoomNodeGraphEditor.cs
  artifactKey: Guid(72061c014e81a174384b5d99cf362913) Importer(815301076,1909f56bfc062723c751e8b465ee728b)
Start importing Assets/Scripts/NodeGraph/Editor/RoomNodeGraphEditor.cs using Guid(72061c014e81a174384b5d99cf362913) Importer(815301076,1909f56bfc062723c751e8b465ee728b)  -> (artifact id: '6573a13cef36f8801a6f933db6f9d36e') in 0.002851 seconds 
========================================================================
Received Import Request.
  Time since last request: 37.809733 seconds.
  path: Assets/Scripts/NodeGraph/RoomNodeSO.cs
  artifactKey: Guid(ce7f0d523e1c29f4491286bf8ba72f5d) Importer(815301076,1909f56bfc062723c751e8b465ee728b)
Start importing Assets/Scripts/NodeGraph/RoomNodeSO.cs using Guid(ce7f0d523e1c29f4491286bf8ba72f5d) Importer(815301076,1909f56bfc062723c751e8b465ee728b)  -> (artifact id: '9fe0be69d76613af2594d5ac4071d32f') in 0.008978 seconds 
========================================================================
Received Import Request.
  Time since last request: 138.760397 seconds.
  path: Assets/Scripts/NodeGraph/RoomNodeSO.cs
  artifactKey: Guid(ce7f0d523e1c29f4491286bf8ba72f5d) Importer(815301076,1909f56bfc062723c751e8b465ee728b)
Start importing Assets/Scripts/NodeGraph/RoomNodeSO.cs using Guid(ce7f0d523e1c29f4491286bf8ba72f5d) Importer(815301076,1909f56bfc062723c751e8b465ee728b)  -> (artifact id: '49b65635cc77dd3bb503d33a640c4485') in 0.007124 seconds 
========================================================================
Received Import Request.
  Time since last request: 28.547771 seconds.
  path: Assets/Scripts/NodeGraph/RoomNodeSO.cs
  artifactKey: Guid(ce7f0d523e1c29f4491286bf8ba72f5d) Importer(815301076,1909f56bfc062723c751e8b465ee728b)
Start importing Assets/Scripts/NodeGraph/RoomNodeSO.cs using Guid(ce7f0d523e1c29f4491286bf8ba72f5d) Importer(815301076,1909f56bfc062723c751e8b465ee728b)  -> (artifact id: '30f0f16e59a0e606c038b3fca9757c60') in 0.005415 seconds 
========================================================================
Received Import Request.
  Time since last request: 60.579367 seconds.
  path: Assets/Scripts/NodeGraph/RoomNodeSO.cs
  artifactKey: Guid(ce7f0d523e1c29f4491286bf8ba72f5d) Importer(815301076,1909f56bfc062723c751e8b465ee728b)
Start importing Assets/Scripts/NodeGraph/RoomNodeSO.cs using Guid(ce7f0d523e1c29f4491286bf8ba72f5d) Importer(815301076,1909f56bfc062723c751e8b465ee728b)  -> (artifact id: '326bc7c0447d39a21c7f7d42f6e07f25') in 0.002279 seconds 
========================================================================
Received Import Request.
  Time since last request: 490.058337 seconds.
  path: Assets/Scripts/NodeGraph/RoomNodeSO.cs
  artifactKey: Guid(ce7f0d523e1c29f4491286bf8ba72f5d) Importer(815301076,1909f56bfc062723c751e8b465ee728b)
Start importing Assets/Scripts/NodeGraph/RoomNodeSO.cs using Guid(ce7f0d523e1c29f4491286bf8ba72f5d) Importer(815301076,1909f56bfc062723c751e8b465ee728b)  -> (artifact id: '6474221fc297f5897e310467510664c3') in 0.005550 seconds 
========================================================================
Received Import Request.
  Time since last request: 13436.338129 seconds.
  path: Assets/Scripts/NodeGraph/RoomNodeSO.cs
  artifactKey: Guid(ce7f0d523e1c29f4491286bf8ba72f5d) Importer(815301076,1909f56bfc062723c751e8b465ee728b)
Start importing Assets/Scripts/NodeGraph/RoomNodeSO.cs using Guid(ce7f0d523e1c29f4491286bf8ba72f5d) Importer(815301076,1909f56bfc062723c751e8b465ee728b)  -> (artifact id: '0ae9885561194d411980ae1ab2bf13de') in 0.025148 seconds 
========================================================================
Received Import Request.
  Time since last request: 16.081504 seconds.
  path: Assets/Scripts/NodeGraph/RoomNodeSO.cs
  artifactKey: Guid(ce7f0d523e1c29f4491286bf8ba72f5d) Importer(815301076,1909f56bfc062723c751e8b465ee728b)
Start importing Assets/Scripts/NodeGraph/RoomNodeSO.cs using Guid(ce7f0d523e1c29f4491286bf8ba72f5d) Importer(815301076,1909f56bfc062723c751e8b465ee728b)  -> (artifact id: 'c2a7b3d90ce9a184500c1eb2b2989016') in 0.014642 seconds 
========================================================================
Received Import Request.
  Time since last request: 254.095243 seconds.
  path: Assets/Scripts/NodeGraph/RoomNodeSO.cs
  artifactKey: Guid(ce7f0d523e1c29f4491286bf8ba72f5d) Importer(815301076,1909f56bfc062723c751e8b465ee728b)
Start importing Assets/Scripts/NodeGraph/RoomNodeSO.cs using Guid(ce7f0d523e1c29f4491286bf8ba72f5d) Importer(815301076,1909f56bfc062723c751e8b465ee728b)  -> (artifact id: '3fba9ddab83be6f6a177d5c925086eb2') in 0.005017 seconds 
========================================================================
Received Import Request.
  Time since last request: 32.985910 seconds.
  path: Assets/Scripts/NodeGraph/RoomNodeSO.cs
  artifactKey: Guid(ce7f0d523e1c29f4491286bf8ba72f5d) Importer(815301076,1909f56bfc062723c751e8b465ee728b)
Start importing Assets/Scripts/NodeGraph/RoomNodeSO.cs using Guid(ce7f0d523e1c29f4491286bf8ba72f5d) Importer(815301076,1909f56bfc062723c751e8b465ee728b)  -> (artifact id: '58dafffe9b9cdcbebf0f1050fbfb289f') in 0.002989 seconds 
========================================================================
Received Import Request.
  Time since last request: 14.538702 seconds.
  path: Assets/Scripts/NodeGraph/RoomNodeSO.cs
  artifactKey: Guid(ce7f0d523e1c29f4491286bf8ba72f5d) Importer(815301076,1909f56bfc062723c751e8b465ee728b)
Start importing Assets/Scripts/NodeGraph/RoomNodeSO.cs using Guid(ce7f0d523e1c29f4491286bf8ba72f5d) Importer(815301076,1909f56bfc062723c751e8b465ee728b)  -> (artifact id: '6abcd87431a3807ffef521517b75b106') in 0.006201 seconds 
========================================================================
Received Import Request.
  Time since last request: 115.989117 seconds.
  path: Assets/Scripts/NodeGraph/RoomNodeSO.cs
  artifactKey: Guid(ce7f0d523e1c29f4491286bf8ba72f5d) Importer(815301076,1909f56bfc062723c751e8b465ee728b)
Start importing Assets/Scripts/NodeGraph/RoomNodeSO.cs using Guid(ce7f0d523e1c29f4491286bf8ba72f5d) Importer(815301076,1909f56bfc062723c751e8b465ee728b)  -> (artifact id: '0fbd14bf26542f527abf1294b3185d3d') in 0.002834 seconds 
========================================================================
Received Import Request.
  Time since last request: 59.367896 seconds.
  path: Assets/Scripts/NodeGraph/RoomNodeSO.cs
  artifactKey: Guid(ce7f0d523e1c29f4491286bf8ba72f5d) Importer(815301076,1909f56bfc062723c751e8b465ee728b)
Start importing Assets/Scripts/NodeGraph/RoomNodeSO.cs using Guid(ce7f0d523e1c29f4491286bf8ba72f5d) Importer(815301076,1909f56bfc062723c751e8b465ee728b)  -> (artifact id: '0572584bdd82e7879d0216956be9da6e') in 0.004409 seconds 
========================================================================
Received Import Request.
  Time since last request: 93.357345 seconds.
  path: Assets/Scripts/NodeGraph/RoomNodeSO.cs
  artifactKey: Guid(ce7f0d523e1c29f4491286bf8ba72f5d) Importer(815301076,1909f56bfc062723c751e8b465ee728b)
Start importing Assets/Scripts/NodeGraph/RoomNodeSO.cs using Guid(ce7f0d523e1c29f4491286bf8ba72f5d) Importer(815301076,1909f56bfc062723c751e8b465ee728b)  -> (artifact id: '2c3772c46c6fdb8fc8d230f88ac84ae3') in 0.009603 seconds 
========================================================================
Received Import Request.
  Time since last request: 343.836245 seconds.
  path: Assets/Scripts/NodeGraph/RoomNodeSO.cs
  artifactKey: Guid(ce7f0d523e1c29f4491286bf8ba72f5d) Importer(815301076,1909f56bfc062723c751e8b465ee728b)
Start importing Assets/Scripts/NodeGraph/RoomNodeSO.cs using Guid(ce7f0d523e1c29f4491286bf8ba72f5d) Importer(815301076,1909f56bfc062723c751e8b465ee728b)  -> (artifact id: 'eb9901c8299259957b76d1ab9268b97f') in 0.042305 seconds 
========================================================================
Received Import Request.
  Time since last request: 87.354335 seconds.
  path: Assets/Scripts/NodeGraph/RoomNodeSO.cs
  artifactKey: Guid(ce7f0d523e1c29f4491286bf8ba72f5d) Importer(815301076,1909f56bfc062723c751e8b465ee728b)
Start importing Assets/Scripts/NodeGraph/RoomNodeSO.cs using Guid(ce7f0d523e1c29f4491286bf8ba72f5d) Importer(815301076,1909f56bfc062723c751e8b465ee728b)  -> (artifact id: '1e10cd42d31ddeff3cb2bf469302c718') in 0.034854 seconds 
========================================================================
Received Import Request.
  Time since last request: 55.665368 seconds.
  path: Assets/Scripts/NodeGraph/RoomNodeSO.cs
  artifactKey: Guid(ce7f0d523e1c29f4491286bf8ba72f5d) Importer(815301076,1909f56bfc062723c751e8b465ee728b)
Start importing Assets/Scripts/NodeGraph/RoomNodeSO.cs using Guid(ce7f0d523e1c29f4491286bf8ba72f5d) Importer(815301076,1909f56bfc062723c751e8b465ee728b)  -> (artifact id: '655a8fd7502302bb2ef87f00ef1a05aa') in 0.004479 seconds 
========================================================================
Received Import Request.
  Time since last request: 3.608967 seconds.
  path: Assets/Scripts/NodeGraph/RoomNodeSO.cs
  artifactKey: Guid(ce7f0d523e1c29f4491286bf8ba72f5d) Importer(815301076,1909f56bfc062723c751e8b465ee728b)
Start importing Assets/Scripts/NodeGraph/RoomNodeSO.cs using Guid(ce7f0d523e1c29f4491286bf8ba72f5d) Importer(815301076,1909f56bfc062723c751e8b465ee728b)  -> (artifact id: 'ba8f4d58c5c5987de713fd4412883b94') in 0.005978 seconds 
========================================================================
Received Import Request.
  Time since last request: 71.341948 seconds.
  path: Assets/Scripts/NodeGraph/RoomNodeSO.cs
  artifactKey: Guid(ce7f0d523e1c29f4491286bf8ba72f5d) Importer(815301076,1909f56bfc062723c751e8b465ee728b)
Start importing Assets/Scripts/NodeGraph/RoomNodeSO.cs using Guid(ce7f0d523e1c29f4491286bf8ba72f5d) Importer(815301076,1909f56bfc062723c751e8b465ee728b)  -> (artifact id: 'e6de11a4f06363f1c93d53b505738b7a') in 0.003470 seconds 
========================================================================
Received Import Request.
  Time since last request: 3014.484866 seconds.
  path: Assets/Scripts/NodeGraph/RoomNodeSO.cs
  artifactKey: Guid(ce7f0d523e1c29f4491286bf8ba72f5d) Importer(815301076,1909f56bfc062723c751e8b465ee728b)
Start importing Assets/Scripts/NodeGraph/RoomNodeSO.cs using Guid(ce7f0d523e1c29f4491286bf8ba72f5d) Importer(815301076,1909f56bfc062723c751e8b465ee728b)  -> (artifact id: '2b89eb0edd55ed2dce28e8c629ed4dde') in 0.082872 seconds 
========================================================================
Received Prepare
Registering precompiled user dll's ...
Registered in 0.001227 seconds.
Begin MonoManager ReloadAssembly
Native extension for WindowsStandalone target not found
Refreshing native plugins compatible for Editor in 0.44 ms, found 0 plugins.
Preloading 0 native plugins for Editor in 0.00 ms.
Mono: successfully reloaded assembly
- Completed reload, in  1.053 seconds
Platform modules already initialized, skipping
Shader 'Universal Render Pipeline/Particles/Lit': fallback shader 'Universal Render Pipeline/Particles/SimpleLit' not found
Refreshing native plugins compatible for Editor in 0.42 ms, found 0 plugins.
Preloading 0 native plugins for Editor in 0.00 ms.
Unloading 2102 Unused Serialized files (Serialized files now loaded: 0)
System memory in use before: 105.4 MB.
System memory in use after: 105.5 MB.

Unloading 5 unused Assets to reduce memory usage. Loaded Objects now: 2683.
Total: 2.497700 ms (FindLiveObjects: 0.220400 ms CreateObjectMapping: 0.245100 ms MarkObjects: 2.009100 ms  DeleteObjects: 0.022000 ms)

========================================================================
Received Import Request.
  Time since last request: 333.774460 seconds.
  path: Assets/Scripts/NodeGraph/RoomNodeSO.cs
  artifactKey: Guid(ce7f0d523e1c29f4491286bf8ba72f5d) Importer(815301076,1909f56bfc062723c751e8b465ee728b)
Start importing Assets/Scripts/NodeGraph/RoomNodeSO.cs using Guid(ce7f0d523e1c29f4491286bf8ba72f5d) Importer(815301076,1909f56bfc062723c751e8b465ee728b)  -> (artifact id: '6e966c6c8fca2867c75ab118d957df8b') in 0.016589 seconds 
========================================================================
Received Prepare
Registering precompiled user dll's ...
Registered in 0.001311 seconds.
Begin MonoManager ReloadAssembly
Native extension for WindowsStandalone target not found
Refreshing native plugins compatible for Editor in 0.41 ms, found 0 plugins.
Preloading 0 native plugins for Editor in 0.00 ms.
Mono: successfully reloaded assembly
- Completed reload, in  1.394 seconds
Platform modules already initialized, skipping
Shader 'Universal Render Pipeline/Particles/Lit': fallback shader 'Universal Render Pipeline/Particles/SimpleLit' not found
Refreshing native plugins compatible for Editor in 0.37 ms, found 0 plugins.
Preloading 0 native plugins for Editor in 0.00 ms.
Unloading 2102 Unused Serialized files (Serialized files now loaded: 0)
System memory in use before: 105.3 MB.
System memory in use after: 105.5 MB.

Unloading 5 unused Assets to reduce memory usage. Loaded Objects now: 2685.
Total: 2.323300 ms (FindLiveObjects: 0.216000 ms CreateObjectMapping: 0.118000 ms MarkObjects: 1.971300 ms  DeleteObjects: 0.016800 ms)

========================================================================
Received Import Request.
  Time since last request: 1925.300056 seconds.
  path: Assets/Scripts/NodeGraph/RoomNodeGraphSO.cs
  artifactKey: Guid(57ad7f79487f3014a9c3773d7d6cfaad) Importer(815301076,1909f56bfc062723c751e8b465ee728b)
Start importing Assets/Scripts/NodeGraph/RoomNodeGraphSO.cs using Guid(57ad7f79487f3014a9c3773d7d6cfaad) Importer(815301076,1909f56bfc062723c751e8b465ee728b)  -> (artifact id: 'b3b137a9748269a3d63674aec54b391a') in 0.015779 seconds 
========================================================================
Received Import Request.
  Time since last request: 166.250236 seconds.
  path: Assets/Scripts/NodeGraph/RoomNodeGraphSO.cs
  artifactKey: Guid(57ad7f79487f3014a9c3773d7d6cfaad) Importer(815301076,1909f56bfc062723c751e8b465ee728b)
Start importing Assets/Scripts/NodeGraph/RoomNodeGraphSO.cs using Guid(57ad7f79487f3014a9c3773d7d6cfaad) Importer(815301076,1909f56bfc062723c751e8b465ee728b)  -> (artifact id: 'bc0589e18c766979e3889b42b91599f1') in 0.003517 seconds 
========================================================================
Received Import Request.
  Time since last request: 61.475584 seconds.
  path: Assets/Scripts/NodeGraph/RoomNodeGraphSO.cs
  artifactKey: Guid(57ad7f79487f3014a9c3773d7d6cfaad) Importer(815301076,1909f56bfc062723c751e8b465ee728b)
Start importing Assets/Scripts/NodeGraph/RoomNodeGraphSO.cs using Guid(57ad7f79487f3014a9c3773d7d6cfaad) Importer(815301076,1909f56bfc062723c751e8b465ee728b)  -> (artifact id: 'cae7841778ecdb436dd1147655e97f96') in 0.003407 seconds 
========================================================================
Received Import Request.
  Time since last request: 347.559547 seconds.
  path: Assets/Scripts/NodeGraph/RoomNodeGraphSO.cs
  artifactKey: Guid(57ad7f79487f3014a9c3773d7d6cfaad) Importer(815301076,1909f56bfc062723c751e8b465ee728b)
Start importing Assets/Scripts/NodeGraph/RoomNodeGraphSO.cs using Guid(57ad7f79487f3014a9c3773d7d6cfaad) Importer(815301076,1909f56bfc062723c751e8b465ee728b)  -> (artifact id: '079ab1d4c23b393ea5c6a36c195ddca8') in 0.007468 seconds 
========================================================================
Received Import Request.
  Time since last request: 489.497780 seconds.
  path: Assets/Scripts/NodeGraph/RoomNodeGraphSO.cs
  artifactKey: Guid(57ad7f79487f3014a9c3773d7d6cfaad) Importer(815301076,1909f56bfc062723c751e8b465ee728b)
Start importing Assets/Scripts/NodeGraph/RoomNodeGraphSO.cs using Guid(57ad7f79487f3014a9c3773d7d6cfaad) Importer(815301076,1909f56bfc062723c751e8b465ee728b)  -> (artifact id: '9bc61a2810276a69ac7353888bf6e2eb') in 0.007903 seconds 
========================================================================
Received Prepare
Registering precompiled user dll's ...
Registered in 0.001255 seconds.
Begin MonoManager ReloadAssembly
Native extension for WindowsStandalone target not found
Refreshing native plugins compatible for Editor in 0.34 ms, found 0 plugins.
Preloading 0 native plugins for Editor in 0.00 ms.
Mono: successfully reloaded assembly
- Completed reload, in  1.002 seconds
Platform modules already initialized, skipping
Shader 'Universal Render Pipeline/Particles/Lit': fallback shader 'Universal Render Pipeline/Particles/SimpleLit' not found
Refreshing native plugins compatible for Editor in 0.35 ms, found 0 plugins.
Preloading 0 native plugins for Editor in 0.00 ms.
Unloading 2102 Unused Serialized files (Serialized files now loaded: 0)
System memory in use before: 105.3 MB.
System memory in use after: 105.5 MB.

Unloading 5 unused Assets to reduce memory usage. Loaded Objects now: 2687.
Total: 3.509100 ms (FindLiveObjects: 0.203900 ms CreateObjectMapping: 0.103000 ms MarkObjects: 3.163900 ms  DeleteObjects: 0.037000 ms)

========================================================================
Received Import Request.
  Time since last request: 436.577794 seconds.
  path: Assets/Scripts/NodeGraph/RoomNodeSO.cs
  artifactKey: Guid(ce7f0d523e1c29f4491286bf8ba72f5d) Importer(815301076,1909f56bfc062723c751e8b465ee728b)
Start importing Assets/Scripts/NodeGraph/RoomNodeSO.cs using Guid(ce7f0d523e1c29f4491286bf8ba72f5d) Importer(815301076,1909f56bfc062723c751e8b465ee728b)  -> (artifact id: '7456fe785e849d5de321659070bc0e6a') in 0.014320 seconds 
========================================================================
Received Import Request.
  Time since last request: 111.562267 seconds.
  path: Assets/Scripts/NodeGraph/RoomNodeSO.cs
  artifactKey: Guid(ce7f0d523e1c29f4491286bf8ba72f5d) Importer(815301076,1909f56bfc062723c751e8b465ee728b)
Start importing Assets/Scripts/NodeGraph/RoomNodeSO.cs using Guid(ce7f0d523e1c29f4491286bf8ba72f5d) Importer(815301076,1909f56bfc062723c751e8b465ee728b)  -> (artifact id: '6737601573119b975baa092c67e7616f') in 0.005245 seconds 
========================================================================
Received Import Request.
  Time since last request: 16.439434 seconds.
  path: Assets/Scripts/NodeGraph/RoomNodeSO.cs
  artifactKey: Guid(ce7f0d523e1c29f4491286bf8ba72f5d) Importer(815301076,1909f56bfc062723c751e8b465ee728b)
Start importing Assets/Scripts/NodeGraph/RoomNodeSO.cs using Guid(ce7f0d523e1c29f4491286bf8ba72f5d) Importer(815301076,1909f56bfc062723c751e8b465ee728b)  -> (artifact id: '3c5c0f5ae24eb10ee768ff77e0d9871e') in 0.004331 seconds 
========================================================================
Received Import Request.
  Time since last request: 144.117590 seconds.
  path: Assets/Scripts/NodeGraph/RoomNodeSO.cs
  artifactKey: Guid(ce7f0d523e1c29f4491286bf8ba72f5d) Importer(815301076,1909f56bfc062723c751e8b465ee728b)
Start importing Assets/Scripts/NodeGraph/RoomNodeSO.cs using Guid(ce7f0d523e1c29f4491286bf8ba72f5d) Importer(815301076,1909f56bfc062723c751e8b465ee728b)  -> (artifact id: '3f6bc5576344d70ac9e059e0b876a680') in 0.004360 seconds 
========================================================================
Received Import Request.
  Time since last request: 9.904916 seconds.
  path: Assets/Scripts/NodeGraph/RoomNodeSO.cs
  artifactKey: Guid(ce7f0d523e1c29f4491286bf8ba72f5d) Importer(815301076,1909f56bfc062723c751e8b465ee728b)
Start importing Assets/Scripts/NodeGraph/RoomNodeSO.cs using Guid(ce7f0d523e1c29f4491286bf8ba72f5d) Importer(815301076,1909f56bfc062723c751e8b465ee728b)  -> (artifact id: 'bae7cf7e227bb4b7cbe1b943b11a0f26') in 0.003388 seconds 
========================================================================
Received Prepare
Registering precompiled user dll's ...
Registered in 0.002151 seconds.
Begin MonoManager ReloadAssembly
Native extension for WindowsStandalone target not found
Refreshing native plugins compatible for Editor in 0.37 ms, found 0 plugins.
Preloading 0 native plugins for Editor in 0.00 ms.
Mono: successfully reloaded assembly
- Completed reload, in  1.116 seconds
Platform modules already initialized, skipping
Shader 'Universal Render Pipeline/Particles/Lit': fallback shader 'Universal Render Pipeline/Particles/SimpleLit' not found
Refreshing native plugins compatible for Editor in 0.37 ms, found 0 plugins.
Preloading 0 native plugins for Editor in 0.00 ms.
Unloading 2102 Unused Serialized files (Serialized files now loaded: 0)
System memory in use before: 105.3 MB.
System memory in use after: 105.5 MB.

Unloading 5 unused Assets to reduce memory usage. Loaded Objects now: 2689.
Total: 2.308000 ms (FindLiveObjects: 0.209800 ms CreateObjectMapping: 0.103500 ms MarkObjects: 1.936400 ms  DeleteObjects: 0.057000 ms)

========================================================================
Received Import Request.
  Time since last request: 498.995199 seconds.
  path: Assets/Scripts/NodeGraph/Editor/RoomNodeGraphEditor.cs
  artifactKey: Guid(72061c014e81a174384b5d99cf362913) Importer(815301076,1909f56bfc062723c751e8b465ee728b)
Start importing Assets/Scripts/NodeGraph/Editor/RoomNodeGraphEditor.cs using Guid(72061c014e81a174384b5d99cf362913) Importer(815301076,1909f56bfc062723c751e8b465ee728b)  -> (artifact id: 'ec76afff718721305d46518655e29e3c') in 0.029923 seconds 
========================================================================
Received Prepare
Registering precompiled user dll's ...
Registered in 0.002070 seconds.
Begin MonoManager ReloadAssembly
Native extension for WindowsStandalone target not found
Refreshing native plugins compatible for Editor in 0.35 ms, found 0 plugins.
Preloading 0 native plugins for Editor in 0.00 ms.
Mono: successfully reloaded assembly
- Completed reload, in  1.129 seconds
Platform modules already initialized, skipping
Shader 'Universal Render Pipeline/Particles/Lit': fallback shader 'Universal Render Pipeline/Particles/SimpleLit' not found
Refreshing native plugins compatible for Editor in 0.35 ms, found 0 plugins.
Preloading 0 native plugins for Editor in 0.00 ms.
Unloading 2102 Unused Serialized files (Serialized files now loaded: 0)
System memory in use before: 105.4 MB.
System memory in use after: 105.6 MB.

Unloading 5 unused Assets to reduce memory usage. Loaded Objects now: 2691.
Total: 2.313200 ms (FindLiveObjects: 0.205000 ms CreateObjectMapping: 0.111200 ms MarkObjects: 1.943400 ms  DeleteObjects: 0.052500 ms)

========================================================================
Received Import Request.
  Time since last request: 553.279139 seconds.
  path: Assets/Scripts/NodeGraph/Editor/RoomNodeGraphEditor.cs
  artifactKey: Guid(72061c014e81a174384b5d99cf362913) Importer(815301076,1909f56bfc062723c751e8b465ee728b)
Start importing Assets/Scripts/NodeGraph/Editor/RoomNodeGraphEditor.cs using Guid(72061c014e81a174384b5d99cf362913) Importer(815301076,1909f56bfc062723c751e8b465ee728b)  -> (artifact id: '311f8b6d74f9fe2b9ad07ff6cc7bd614') in 0.017575 seconds 
========================================================================
Received Import Request.
  Time since last request: 102.889602 seconds.
  path: Assets/Scripts/NodeGraph/Editor/RoomNodeGraphEditor.cs
  artifactKey: Guid(72061c014e81a174384b5d99cf362913) Importer(815301076,1909f56bfc062723c751e8b465ee728b)
Start importing Assets/Scripts/NodeGraph/Editor/RoomNodeGraphEditor.cs using Guid(72061c014e81a174384b5d99cf362913) Importer(815301076,1909f56bfc062723c751e8b465ee728b)  -> (artifact id: 'c360521f4e9dbc0b75c8732081bbc269') in 0.005132 seconds 
========================================================================
Received Import Request.
  Time since last request: 36.865155 seconds.
  path: Assets/Scripts/NodeGraph/Editor/RoomNodeGraphEditor.cs
  artifactKey: Guid(72061c014e81a174384b5d99cf362913) Importer(815301076,1909f56bfc062723c751e8b465ee728b)
Start importing Assets/Scripts/NodeGraph/Editor/RoomNodeGraphEditor.cs using Guid(72061c014e81a174384b5d99cf362913) Importer(815301076,1909f56bfc062723c751e8b465ee728b)  -> (artifact id: 'f7f112de5dd4138bbf19486795db94d7') in 0.006630 seconds 
========================================================================
Received Import Request.
  Time since last request: 77.052336 seconds.
  path: Assets/Scripts/NodeGraph/Editor/RoomNodeGraphEditor.cs
  artifactKey: Guid(72061c014e81a174384b5d99cf362913) Importer(815301076,1909f56bfc062723c751e8b465ee728b)
Start importing Assets/Scripts/NodeGraph/Editor/RoomNodeGraphEditor.cs using Guid(72061c014e81a174384b5d99cf362913) Importer(815301076,1909f56bfc062723c751e8b465ee728b)  -> (artifact id: 'd2ca1433f6352499745564cd82b30ef9') in 0.010094 seconds 
========================================================================
Received Import Request.
  Time since last request: 46.392846 seconds.
  path: Assets/Scripts/NodeGraph/Editor/RoomNodeGraphEditor.cs
  artifactKey: Guid(72061c014e81a174384b5d99cf362913) Importer(815301076,1909f56bfc062723c751e8b465ee728b)
Start importing Assets/Scripts/NodeGraph/Editor/RoomNodeGraphEditor.cs using Guid(72061c014e81a174384b5d99cf362913) Importer(815301076,1909f56bfc062723c751e8b465ee728b)  -> (artifact id: '826d2634f99972a9618894ec6f86c3ec') in 0.009606 seconds 
========================================================================
Received Import Request.
  Time since last request: 39.213357 seconds.
  path: Assets/Scripts/NodeGraph/Editor/RoomNodeGraphEditor.cs
  artifactKey: Guid(72061c014e81a174384b5d99cf362913) Importer(815301076,1909f56bfc062723c751e8b465ee728b)
Start importing Assets/Scripts/NodeGraph/Editor/RoomNodeGraphEditor.cs using Guid(72061c014e81a174384b5d99cf362913) Importer(815301076,1909f56bfc062723c751e8b465ee728b)  -> (artifact id: '6680681f0933c71b09d7e58498fd930d') in 0.004154 seconds 
========================================================================
Received Import Request.
  Time since last request: 36.408969 seconds.
  path: Assets/Scripts/NodeGraph/Editor/RoomNodeGraphEditor.cs
  artifactKey: Guid(72061c014e81a174384b5d99cf362913) Importer(815301076,1909f56bfc062723c751e8b465ee728b)
Start importing Assets/Scripts/NodeGraph/Editor/RoomNodeGraphEditor.cs using Guid(72061c014e81a174384b5d99cf362913) Importer(815301076,1909f56bfc062723c751e8b465ee728b)  -> (artifact id: 'b83f9ed95c947a23a58663ac8996e7f8') in 0.006461 seconds 
========================================================================
Received Import Request.
  Time since last request: 361.980925 seconds.
  path: Assets/Scripts/NodeGraph/Editor/RoomNodeGraphEditor.cs
  artifactKey: Guid(72061c014e81a174384b5d99cf362913) Importer(815301076,1909f56bfc062723c751e8b465ee728b)
Start importing Assets/Scripts/NodeGraph/Editor/RoomNodeGraphEditor.cs using Guid(72061c014e81a174384b5d99cf362913) Importer(815301076,1909f56bfc062723c751e8b465ee728b)  -> (artifact id: 'c3be1d7608ea71085fbf736f55e9d92a') in 0.011463 seconds 
========================================================================
Received Import Request.
  Time since last request: 58322.250799 seconds.
  path: Assets/Scripts/NodeGraph/Editor/RoomNodeGraphEditor.cs
  artifactKey: Guid(72061c014e81a174384b5d99cf362913) Importer(815301076,1909f56bfc062723c751e8b465ee728b)
Start importing Assets/Scripts/NodeGraph/Editor/RoomNodeGraphEditor.cs using Guid(72061c014e81a174384b5d99cf362913) Importer(815301076,1909f56bfc062723c751e8b465ee728b)  -> (artifact id: 'dd47a2f5d9da8c30624fafd72afbc875') in 0.020362 seconds 
========================================================================
Received Prepare
Registering precompiled user dll's ...
Registered in 0.001254 seconds.
Begin MonoManager ReloadAssembly
Native extension for WindowsStandalone target not found
Refreshing native plugins compatible for Editor in 0.35 ms, found 0 plugins.
Preloading 0 native plugins for Editor in 0.00 ms.
Mono: successfully reloaded assembly
- Completed reload, in  0.965 seconds
Platform modules already initialized, skipping
Shader 'Universal Render Pipeline/Particles/Lit': fallback shader 'Universal Render Pipeline/Particles/SimpleLit' not found
Refreshing native plugins compatible for Editor in 0.42 ms, found 0 plugins.
Preloading 0 native plugins for Editor in 0.00 ms.
Unloading 2102 Unused Serialized files (Serialized files now loaded: 0)
System memory in use before: 105.5 MB.
System memory in use after: 105.6 MB.

Unloading 5 unused Assets to reduce memory usage. Loaded Objects now: 2693.
Total: 2.601600 ms (FindLiveObjects: 0.241900 ms CreateObjectMapping: 0.119900 ms MarkObjects: 2.183000 ms  DeleteObjects: 0.056000 ms)

========================================================================
Received Import Request.
  Time since last request: 62.550310 seconds.
  path: Assets/Scripts/NodeGraph/Editor/RoomNodeGraphEditor.cs
  artifactKey: Guid(72061c014e81a174384b5d99cf362913) Importer(815301076,1909f56bfc062723c751e8b465ee728b)
Start importing Assets/Scripts/NodeGraph/Editor/RoomNodeGraphEditor.cs using Guid(72061c014e81a174384b5d99cf362913) Importer(815301076,1909f56bfc062723c751e8b465ee728b)  -> (artifact id: '9951eeb8b474a4417f7de976233ca14f') in 0.022978 seconds 
========================================================================
Received Prepare
Registering precompiled user dll's ...
Registered in 0.001283 seconds.
Begin MonoManager ReloadAssembly
Native extension for WindowsStandalone target not found
Refreshing native plugins compatible for Editor in 0.80 ms, found 0 plugins.
Preloading 0 native plugins for Editor in 0.00 ms.
Mono: successfully reloaded assembly
- Completed reload, in  1.110 seconds
Platform modules already initialized, skipping
Shader 'Universal Render Pipeline/Particles/Lit': fallback shader 'Universal Render Pipeline/Particles/SimpleLit' not found
Refreshing native plugins compatible for Editor in 2.63 ms, found 0 plugins.
Preloading 0 native plugins for Editor in 0.00 ms.
Unloading 2102 Unused Serialized files (Serialized files now loaded: 0)
System memory in use before: 105.5 MB.
System memory in use after: 105.6 MB.

Unloading 5 unused Assets to reduce memory usage. Loaded Objects now: 2695.
Total: 2.380700 ms (FindLiveObjects: 0.220500 ms CreateObjectMapping: 0.121400 ms MarkObjects: 2.018400 ms  DeleteObjects: 0.018900 ms)

========================================================================
Received Import Request.
  Time since last request: 730.447614 seconds.
  path: Assets/Scripts/NodeGraph/Editor/RoomNodeGraphEditor.cs
  artifactKey: Guid(72061c014e81a174384b5d99cf362913) Importer(815301076,1909f56bfc062723c751e8b465ee728b)
Start importing Assets/Scripts/NodeGraph/Editor/RoomNodeGraphEditor.cs using Guid(72061c014e81a174384b5d99cf362913) Importer(815301076,1909f56bfc062723c751e8b465ee728b)  -> (artifact id: '3b08c2002a3a491b49da0a93461975cc') in 0.013786 seconds 
========================================================================
Received Import Request.
  Time since last request: 609.520817 seconds.
  path: Assets/Scripts/NodeGraph/Editor/RoomNodeGraphEditor.cs
  artifactKey: Guid(72061c014e81a174384b5d99cf362913) Importer(815301076,1909f56bfc062723c751e8b465ee728b)
Start importing Assets/Scripts/NodeGraph/Editor/RoomNodeGraphEditor.cs using Guid(72061c014e81a174384b5d99cf362913) Importer(815301076,1909f56bfc062723c751e8b465ee728b)  -> (artifact id: 'dde0c05b6981efc16931559859124200') in 0.009340 seconds 
========================================================================
Received Import Request.
  Time since last request: 72.479670 seconds.
  path: Assets/Scripts/NodeGraph/Editor/RoomNodeGraphEditor.cs
  artifactKey: Guid(72061c014e81a174384b5d99cf362913) Importer(815301076,1909f56bfc062723c751e8b465ee728b)
Start importing Assets/Scripts/NodeGraph/Editor/RoomNodeGraphEditor.cs using Guid(72061c014e81a174384b5d99cf362913) Importer(815301076,1909f56bfc062723c751e8b465ee728b)  -> (artifact id: '2c81ffbacaba8c8b35907e350fd78619') in 0.003307 seconds 
========================================================================
Received Prepare
Registering precompiled user dll's ...
Registered in 0.001218 seconds.
Begin MonoManager ReloadAssembly
Native extension for WindowsStandalone target not found
Refreshing native plugins compatible for Editor in 0.36 ms, found 0 plugins.
Preloading 0 native plugins for Editor in 0.00 ms.
Mono: successfully reloaded assembly
- Completed reload, in  1.228 seconds
Platform modules already initialized, skipping
Shader 'Universal Render Pipeline/Particles/Lit': fallback shader 'Universal Render Pipeline/Particles/SimpleLit' not found
Refreshing native plugins compatible for Editor in 0.46 ms, found 0 plugins.
Preloading 0 native plugins for Editor in 0.00 ms.
Unloading 2102 Unused Serialized files (Serialized files now loaded: 0)
System memory in use before: 105.5 MB.
System memory in use after: 105.6 MB.

Unloading 5 unused Assets to reduce memory usage. Loaded Objects now: 2697.
Total: 2.524600 ms (FindLiveObjects: 0.198600 ms CreateObjectMapping: 0.106000 ms MarkObjects: 2.201300 ms  DeleteObjects: 0.017700 ms)

========================================================================
Received Import Request.
  Time since last request: 285.904589 seconds.
  path: Assets/ScriptableObjectAssets/Dungeon/DungeonRoomNodeGraphs/RoomNodeGraph 1.asset
  artifactKey: Guid(e889a2a7d4975c546b0948b5e73987ca) Importer(815301076,1909f56bfc062723c751e8b465ee728b)
Start importing Assets/ScriptableObjectAssets/Dungeon/DungeonRoomNodeGraphs/RoomNodeGraph 1.asset using Guid(e889a2a7d4975c546b0948b5e73987ca) Importer(815301076,1909f56bfc062723c751e8b465ee728b)  -> (artifact id: 'd0691b7835dcb425341c779bf1dced1a') in 0.317358 seconds 
========================================================================
Received Import Request.
  Time since last request: 106.021239 seconds.
  path: Assets/ScriptableObjectAssets/Dungeon/DungeonRoomNodeGraphs/RoomNodeGraph 1.asset
  artifactKey: Guid(e889a2a7d4975c546b0948b5e73987ca) Importer(815301076,1909f56bfc062723c751e8b465ee728b)
Start importing Assets/ScriptableObjectAssets/Dungeon/DungeonRoomNodeGraphs/RoomNodeGraph 1.asset using Guid(e889a2a7d4975c546b0948b5e73987ca) Importer(815301076,1909f56bfc062723c751e8b465ee728b)  -> (artifact id: 'c4132b25dabdf99cf7550e73b41a6c44') in 0.156733 seconds 
========================================================================
Received Import Request.
  Time since last request: 2.160097 seconds.
  path: Assets/ScriptableObjectAssets/Dungeon/DungeonRoomNodeGraphs/RoomNodeGraph 1.asset
  artifactKey: Guid(e889a2a7d4975c546b0948b5e73987ca) Importer(815301076,1909f56bfc062723c751e8b465ee728b)
Start importing Assets/ScriptableObjectAssets/Dungeon/DungeonRoomNodeGraphs/RoomNodeGraph 1.asset using Guid(e889a2a7d4975c546b0948b5e73987ca) Importer(815301076,1909f56bfc062723c751e8b465ee728b)  -> (artifact id: '99f9be1467fc9cd7028d57a628c3f185') in 0.025922 seconds 
========================================================================
Received Import Request.
  Time since last request: 26.907985 seconds.
  path: Assets/ScriptableObjectAssets/Dungeon/DungeonRoomNodeGraphs/RoomNodeGraph 1.asset
  artifactKey: Guid(e889a2a7d4975c546b0948b5e73987ca) Importer(815301076,1909f56bfc062723c751e8b465ee728b)
Start importing Assets/ScriptableObjectAssets/Dungeon/DungeonRoomNodeGraphs/RoomNodeGraph 1.asset using Guid(e889a2a7d4975c546b0948b5e73987ca) Importer(815301076,1909f56bfc062723c751e8b465ee728b)  -> (artifact id: '24e0d1a6b9c2c0916eb7003175cafd96') in 0.022330 seconds 
========================================================================
Received Import Request.
  Time since last request: 2.416252 seconds.
  path: Assets/ScriptableObjectAssets/Dungeon/DungeonRoomNodeGraphs/RoomNodeGraph 1.asset
  artifactKey: Guid(e889a2a7d4975c546b0948b5e73987ca) Importer(815301076,1909f56bfc062723c751e8b465ee728b)
Start importing Assets/ScriptableObjectAssets/Dungeon/DungeonRoomNodeGraphs/RoomNodeGraph 1.asset using Guid(e889a2a7d4975c546b0948b5e73987ca) Importer(815301076,1909f56bfc062723c751e8b465ee728b)  -> (artifact id: '38a24c4d029fdbe963c26e27f5ebe787') in 0.018416 seconds 
========================================================================
Received Import Request.
  Time since last request: 31.626583 seconds.
  path: Assets/ScriptableObjectAssets/Dungeon/DungeonRoomNodeGraphs/RoomNodeGraph 1.asset
  artifactKey: Guid(e889a2a7d4975c546b0948b5e73987ca) Importer(815301076,1909f56bfc062723c751e8b465ee728b)
Start importing Assets/ScriptableObjectAssets/Dungeon/DungeonRoomNodeGraphs/RoomNodeGraph 1.asset using Guid(e889a2a7d4975c546b0948b5e73987ca) Importer(815301076,1909f56bfc062723c751e8b465ee728b)  -> (artifact id: 'a2b67622ddcb0dd106f3af39717b22a1') in 0.022114 seconds 
========================================================================
Received Import Request.
  Time since last request: 1.899002 seconds.
  path: Assets/ScriptableObjectAssets/Dungeon/DungeonRoomNodeGraphs/RoomNodeGraph 1.asset
  artifactKey: Guid(e889a2a7d4975c546b0948b5e73987ca) Importer(815301076,1909f56bfc062723c751e8b465ee728b)
Start importing Assets/ScriptableObjectAssets/Dungeon/DungeonRoomNodeGraphs/RoomNodeGraph 1.asset using Guid(e889a2a7d4975c546b0948b5e73987ca) Importer(815301076,1909f56bfc062723c751e8b465ee728b)  -> (artifact id: '81ce3b845f70e8bc6d2ee11f98dbae90') in 0.049752 seconds 
========================================================================
Received Import Request.
  Time since last request: 267.126814 seconds.
  path: Assets/ScriptableObjectAssets/Dungeon/DungeonRoomNodeGraphs/RoomNodeGraph 1.asset
  artifactKey: Guid(e889a2a7d4975c546b0948b5e73987ca) Importer(815301076,1909f56bfc062723c751e8b465ee728b)
Start importing Assets/ScriptableObjectAssets/Dungeon/DungeonRoomNodeGraphs/RoomNodeGraph 1.asset using Guid(e889a2a7d4975c546b0948b5e73987ca) Importer(815301076,1909f56bfc062723c751e8b465ee728b)  -> (artifact id: '9045c7534398f3548a3fc6c8abebb44e') in 0.017479 seconds 
========================================================================
Received Prepare
Registering precompiled user dll's ...
Registered in 0.002151 seconds.
Begin MonoManager ReloadAssembly
Native extension for WindowsStandalone target not found
Refreshing native plugins compatible for Editor in 0.36 ms, found 0 plugins.
Preloading 0 native plugins for Editor in 0.00 ms.
Mono: successfully reloaded assembly
- Completed reload, in  1.158 seconds
Platform modules already initialized, skipping
Shader 'Universal Render Pipeline/Particles/Lit': fallback shader 'Universal Render Pipeline/Particles/SimpleLit' not found
Refreshing native plugins compatible for Editor in 0.36 ms, found 0 plugins.
Preloading 0 native plugins for Editor in 0.00 ms.
Unloading 2102 Unused Serialized files (Serialized files now loaded: 0)
System memory in use before: 105.4 MB.
System memory in use after: 105.5 MB.

Unloading 5 unused Assets to reduce memory usage. Loaded Objects now: 2699.
Total: 3.056000 ms (FindLiveObjects: 0.217800 ms CreateObjectMapping: 0.113500 ms MarkObjects: 2.701800 ms  DeleteObjects: 0.021400 ms)

========================================================================
Received Prepare
Registering precompiled user dll's ...
Registered in 0.001251 seconds.
Begin MonoManager ReloadAssembly
Native extension for WindowsStandalone target not found
Refreshing native plugins compatible for Editor in 0.43 ms, found 0 plugins.
Preloading 0 native plugins for Editor in 0.00 ms.
Mono: successfully reloaded assembly
- Completed reload, in  0.972 seconds
Platform modules already initialized, skipping
Shader 'Universal Render Pipeline/Particles/Lit': fallback shader 'Universal Render Pipeline/Particles/SimpleLit' not found
Refreshing native plugins compatible for Editor in 0.36 ms, found 0 plugins.
Preloading 0 native plugins for Editor in 0.00 ms.
Unloading 2102 Unused Serialized files (Serialized files now loaded: 0)
System memory in use before: 105.5 MB.
System memory in use after: 105.6 MB.

Unloading 5 unused Assets to reduce memory usage. Loaded Objects now: 2701.
Total: 2.383200 ms (FindLiveObjects: 0.197000 ms CreateObjectMapping: 0.098900 ms MarkObjects: 2.069000 ms  DeleteObjects: 0.017300 ms)

========================================================================
Received Import Request.
  Time since last request: 1315.712255 seconds.
  path: Assets/ScriptableObjectAssets/Dungeon/DungeonRoomNodeGraphs/RoomNodeGraph.asset
  artifactKey: Guid(b80871c8a9a95c844a4451ab39468c91) Importer(815301076,1909f56bfc062723c751e8b465ee728b)
Start importing Assets/ScriptableObjectAssets/Dungeon/DungeonRoomNodeGraphs/RoomNodeGraph.asset using Guid(b80871c8a9a95c844a4451ab39468c91) Importer(815301076,1909f56bfc062723c751e8b465ee728b)  -> (artifact id: '70d9d5a9840f5c94a2aa739bd9fa200b') in 0.036553 seconds 
========================================================================
Received Import Request.
  Time since last request: 14.700571 seconds.
  path: Assets/ScriptableObjectAssets/Dungeon/DungeonRoomNodeGraphs/RoomNodeGraph 1.asset
  artifactKey: Guid(e889a2a7d4975c546b0948b5e73987ca) Importer(815301076,1909f56bfc062723c751e8b465ee728b)
Start importing Assets/ScriptableObjectAssets/Dungeon/DungeonRoomNodeGraphs/RoomNodeGraph 1.asset using Guid(e889a2a7d4975c546b0948b5e73987ca) Importer(815301076,1909f56bfc062723c751e8b465ee728b)  -> (artifact id: '384b3522af6912274adf98365bf2939c') in 0.010143 seconds 
========================================================================
Received Import Request.
  Time since last request: 1.977917 seconds.
  path: Assets/ScriptableObjectAssets/Dungeon/DungeonRoomNodeGraphs/RoomNodeGraph 1.asset
  artifactKey: Guid(e889a2a7d4975c546b0948b5e73987ca) Importer(815301076,1909f56bfc062723c751e8b465ee728b)
Start importing Assets/ScriptableObjectAssets/Dungeon/DungeonRoomNodeGraphs/RoomNodeGraph 1.asset using Guid(e889a2a7d4975c546b0948b5e73987ca) Importer(815301076,1909f56bfc062723c751e8b465ee728b)  -> (artifact id: '7dc30a4d5ed4c10417824600c9098eba') in 0.019237 seconds 
========================================================================
Received Prepare
Registering precompiled user dll's ...
Registered in 0.001247 seconds.
Begin MonoManager ReloadAssembly
Native extension for WindowsStandalone target not found
Refreshing native plugins compatible for Editor in 0.33 ms, found 0 plugins.
Preloading 0 native plugins for Editor in 0.00 ms.
Mono: successfully reloaded assembly
- Completed reload, in  1.006 seconds
Platform modules already initialized, skipping
Shader 'Universal Render Pipeline/Particles/Lit': fallback shader 'Universal Render Pipeline/Particles/SimpleLit' not found
Refreshing native plugins compatible for Editor in 0.38 ms, found 0 plugins.
Preloading 0 native plugins for Editor in 0.00 ms.
Unloading 2102 Unused Serialized files (Serialized files now loaded: 0)
System memory in use before: 105.5 MB.
System memory in use after: 105.6 MB.

Unloading 5 unused Assets to reduce memory usage. Loaded Objects now: 2703.
Total: 2.423400 ms (FindLiveObjects: 0.317200 ms CreateObjectMapping: 0.095800 ms MarkObjects: 1.971500 ms  DeleteObjects: 0.038000 ms)

========================================================================
Received Prepare
Registering precompiled user dll's ...
Registered in 0.001205 seconds.
Begin MonoManager ReloadAssembly
Native extension for WindowsStandalone target not found
Refreshing native plugins compatible for Editor in 0.36 ms, found 0 plugins.
Preloading 0 native plugins for Editor in 0.00 ms.
Mono: successfully reloaded assembly
- Completed reload, in  1.344 seconds
Platform modules already initialized, skipping
Shader 'Universal Render Pipeline/Particles/Lit': fallback shader 'Universal Render Pipeline/Particles/SimpleLit' not found
Refreshing native plugins compatible for Editor in 0.37 ms, found 0 plugins.
Preloading 0 native plugins for Editor in 0.00 ms.
Unloading 2102 Unused Serialized files (Serialized files now loaded: 0)
System memory in use before: 105.5 MB.
System memory in use after: 105.6 MB.

Unloading 5 unused Assets to reduce memory usage. Loaded Objects now: 2705.
Total: 2.234100 ms (FindLiveObjects: 0.225000 ms CreateObjectMapping: 0.120200 ms MarkObjects: 1.871400 ms  DeleteObjects: 0.016500 ms)

========================================================================
Received Prepare
Registering precompiled user dll's ...
Registered in 0.001255 seconds.
Begin MonoManager ReloadAssembly
Native extension for WindowsStandalone target not found
Refreshing native plugins compatible for Editor in 0.34 ms, found 0 plugins.
Preloading 0 native plugins for Editor in 0.00 ms.
Mono: successfully reloaded assembly
- Completed reload, in  1.065 seconds
Platform modules already initialized, skipping
Shader 'Universal Render Pipeline/Particles/Lit': fallback shader 'Universal Render Pipeline/Particles/SimpleLit' not found
Refreshing native plugins compatible for Editor in 0.59 ms, found 0 plugins.
Preloading 0 native plugins for Editor in 0.00 ms.
Unloading 2102 Unused Serialized files (Serialized files now loaded: 0)
System memory in use before: 105.5 MB.
System memory in use after: 105.6 MB.

Unloading 5 unused Assets to reduce memory usage. Loaded Objects now: 2707.
Total: 2.587500 ms (FindLiveObjects: 0.219100 ms CreateObjectMapping: 0.212500 ms MarkObjects: 2.106000 ms  DeleteObjects: 0.048900 ms)

========================================================================
Received Prepare
Registering precompiled user dll's ...
Registered in 0.001341 seconds.
Begin MonoManager ReloadAssembly
Native extension for WindowsStandalone target not found
Refreshing native plugins compatible for Editor in 0.36 ms, found 0 plugins.
Preloading 0 native plugins for Editor in 0.00 ms.
Mono: successfully reloaded assembly
- Completed reload, in  1.261 seconds
Platform modules already initialized, skipping
Shader 'Universal Render Pipeline/Particles/Lit': fallback shader 'Universal Render Pipeline/Particles/SimpleLit' not found
Refreshing native plugins compatible for Editor in 0.39 ms, found 0 plugins.
Preloading 0 native plugins for Editor in 0.00 ms.
Unloading 2102 Unused Serialized files (Serialized files now loaded: 0)
System memory in use before: 105.4 MB.
System memory in use after: 105.5 MB.

Unloading 5 unused Assets to reduce memory usage. Loaded Objects now: 2709.
Total: 2.327600 ms (FindLiveObjects: 0.206500 ms CreateObjectMapping: 0.106700 ms MarkObjects: 1.992700 ms  DeleteObjects: 0.020800 ms)

========================================================================
Received Prepare
Registering precompiled user dll's ...
Registered in 0.001267 seconds.
Begin MonoManager ReloadAssembly
Native extension for WindowsStandalone target not found
Refreshing native plugins compatible for Editor in 0.46 ms, found 0 plugins.
Preloading 0 native plugins for Editor in 0.00 ms.
Mono: successfully reloaded assembly
- Completed reload, in  1.059 seconds
Platform modules already initialized, skipping
Shader 'Universal Render Pipeline/Particles/Lit': fallback shader 'Universal Render Pipeline/Particles/SimpleLit' not found
Refreshing native plugins compatible for Editor in 0.36 ms, found 0 plugins.
Preloading 0 native plugins for Editor in 0.00 ms.
Unloading 2102 Unused Serialized files (Serialized files now loaded: 0)
System memory in use before: 105.4 MB.
System memory in use after: 105.5 MB.

Unloading 5 unused Assets to reduce memory usage. Loaded Objects now: 2711.
Total: 2.334200 ms (FindLiveObjects: 0.257200 ms CreateObjectMapping: 0.120400 ms MarkObjects: 1.940600 ms  DeleteObjects: 0.015100 ms)

========================================================================
Received Prepare
Registering precompiled user dll's ...
Registered in 0.001213 seconds.
Begin MonoManager ReloadAssembly
Native extension for WindowsStandalone target not found
Refreshing native plugins compatible for Editor in 0.43 ms, found 0 plugins.
Preloading 0 native plugins for Editor in 0.00 ms.
Mono: successfully reloaded assembly
- Completed reload, in  1.599 seconds
Platform modules already initialized, skipping
Shader 'Universal Render Pipeline/Particles/Lit': fallback shader 'Universal Render Pipeline/Particles/SimpleLit' not found
Refreshing native plugins compatible for Editor in 0.37 ms, found 0 plugins.
Preloading 0 native plugins for Editor in 0.00 ms.
Unloading 2102 Unused Serialized files (Serialized files now loaded: 0)
System memory in use before: 105.4 MB.
System memory in use after: 105.5 MB.

Unloading 5 unused Assets to reduce memory usage. Loaded Objects now: 2713.
Total: 2.279000 ms (FindLiveObjects: 0.221700 ms CreateObjectMapping: 0.114900 ms MarkObjects: 1.922400 ms  DeleteObjects: 0.018500 ms)

========================================================================
Received Prepare
Registering precompiled user dll's ...
Registered in 0.001266 seconds.
Begin MonoManager ReloadAssembly
Native extension for WindowsStandalone target not found
Refreshing native plugins compatible for Editor in 0.46 ms, found 0 plugins.
Preloading 0 native plugins for Editor in 0.00 ms.
Mono: successfully reloaded assembly
- Completed reload, in  1.029 seconds
Platform modules already initialized, skipping
Shader 'Universal Render Pipeline/Particles/Lit': fallback shader 'Universal Render Pipeline/Particles/SimpleLit' not found
Refreshing native plugins compatible for Editor in 0.39 ms, found 0 plugins.
Preloading 0 native plugins for Editor in 0.00 ms.
Unloading 2102 Unused Serialized files (Serialized files now loaded: 0)
System memory in use before: 105.4 MB.
System memory in use after: 105.5 MB.

Unloading 5 unused Assets to reduce memory usage. Loaded Objects now: 2715.
Total: 2.525500 ms (FindLiveObjects: 0.298700 ms CreateObjectMapping: 0.160400 ms MarkObjects: 2.033600 ms  DeleteObjects: 0.031700 ms)

========================================================================
Received Prepare
Registering precompiled user dll's ...
Registered in 0.001309 seconds.
Begin MonoManager ReloadAssembly
Native extension for WindowsStandalone target not found
Refreshing native plugins compatible for Editor in 0.37 ms, found 0 plugins.
Preloading 0 native plugins for Editor in 0.00 ms.
Mono: successfully reloaded assembly
- Completed reload, in  1.246 seconds
Platform modules already initialized, skipping
Shader 'Universal Render Pipeline/Particles/Lit': fallback shader 'Universal Render Pipeline/Particles/SimpleLit' not found
Refreshing native plugins compatible for Editor in 0.37 ms, found 0 plugins.
Preloading 0 native plugins for Editor in 0.00 ms.
Unloading 2102 Unused Serialized files (Serialized files now loaded: 0)
System memory in use before: 105.4 MB.
System memory in use after: 105.6 MB.

Unloading 5 unused Assets to reduce memory usage. Loaded Objects now: 2717.
Total: 2.813100 ms (FindLiveObjects: 0.207900 ms CreateObjectMapping: 0.098800 ms MarkObjects: 2.461500 ms  DeleteObjects: 0.043400 ms)

========================================================================
Received Prepare
Registering precompiled user dll's ...
Registered in 0.001724 seconds.
Begin MonoManager ReloadAssembly
Native extension for WindowsStandalone target not found
Refreshing native plugins compatible for Editor in 0.48 ms, found 0 plugins.
Preloading 0 native plugins for Editor in 0.00 ms.
Mono: successfully reloaded assembly
- Completed reload, in  1.713 seconds
Platform modules already initialized, skipping
Shader 'Universal Render Pipeline/Particles/Lit': fallback shader 'Universal Render Pipeline/Particles/SimpleLit' not found
Refreshing native plugins compatible for Editor in 0.45 ms, found 0 plugins.
Preloading 0 native plugins for Editor in 0.00 ms.
Unloading 2102 Unused Serialized files (Serialized files now loaded: 0)
System memory in use before: 105.4 MB.
System memory in use after: 105.6 MB.

Unloading 5 unused Assets to reduce memory usage. Loaded Objects now: 2719.
Total: 3.118800 ms (FindLiveObjects: 0.266700 ms CreateObjectMapping: 0.146000 ms MarkObjects: 2.682000 ms  DeleteObjects: 0.022800 ms)

========================================================================
Received Prepare
Registering precompiled user dll's ...
Registered in 0.001265 seconds.
Begin MonoManager ReloadAssembly
Native extension for WindowsStandalone target not found
Refreshing native plugins compatible for Editor in 0.33 ms, found 0 plugins.
Preloading 0 native plugins for Editor in 0.00 ms.
Mono: successfully reloaded assembly
- Completed reload, in  1.008 seconds
Platform modules already initialized, skipping
Shader 'Universal Render Pipeline/Particles/Lit': fallback shader 'Universal Render Pipeline/Particles/SimpleLit' not found
Refreshing native plugins compatible for Editor in 0.36 ms, found 0 plugins.
Preloading 0 native plugins for Editor in 0.00 ms.
Unloading 2102 Unused Serialized files (Serialized files now loaded: 0)
System memory in use before: 105.4 MB.
System memory in use after: 105.6 MB.

Unloading 5 unused Assets to reduce memory usage. Loaded Objects now: 2721.
Total: 2.628300 ms (FindLiveObjects: 0.247200 ms CreateObjectMapping: 0.124200 ms MarkObjects: 2.237300 ms  DeleteObjects: 0.018100 ms)

========================================================================
Received Prepare
Registering precompiled user dll's ...
Registered in 0.001357 seconds.
Begin MonoManager ReloadAssembly
Native extension for WindowsStandalone target not found
Refreshing native plugins compatible for Editor in 0.37 ms, found 0 plugins.
Preloading 0 native plugins for Editor in 0.00 ms.
Mono: successfully reloaded assembly
- Completed reload, in  1.193 seconds
Platform modules already initialized, skipping
Shader 'Universal Render Pipeline/Particles/Lit': fallback shader 'Universal Render Pipeline/Particles/SimpleLit' not found
Refreshing native plugins compatible for Editor in 1.37 ms, found 0 plugins.
Preloading 0 native plugins for Editor in 0.00 ms.
Unloading 2102 Unused Serialized files (Serialized files now loaded: 0)
System memory in use before: 105.4 MB.
System memory in use after: 105.6 MB.

Unloading 5 unused Assets to reduce memory usage. Loaded Objects now: 2723.
Total: 3.393700 ms (FindLiveObjects: 0.216200 ms CreateObjectMapping: 0.106400 ms MarkObjects: 2.496200 ms  DeleteObjects: 0.572900 ms)

========================================================================
Received Prepare
Registering precompiled user dll's ...
Registered in 0.001541 seconds.
Begin MonoManager ReloadAssembly
Native extension for WindowsStandalone target not found
Refreshing native plugins compatible for Editor in 0.36 ms, found 0 plugins.
Preloading 0 native plugins for Editor in 0.00 ms.
Mono: successfully reloaded assembly
- Completed reload, in  1.403 seconds
Platform modules already initialized, skipping
Shader 'Universal Render Pipeline/Particles/Lit': fallback shader 'Universal Render Pipeline/Particles/SimpleLit' not found
Refreshing native plugins compatible for Editor in 0.36 ms, found 0 plugins.
Preloading 0 native plugins for Editor in 0.00 ms.
Unloading 2102 Unused Serialized files (Serialized files now loaded: 0)
System memory in use before: 105.5 MB.
System memory in use after: 105.7 MB.

Unloading 5 unused Assets to reduce memory usage. Loaded Objects now: 2725.
Total: 2.744300 ms (FindLiveObjects: 0.306900 ms CreateObjectMapping: 0.189100 ms MarkObjects: 2.228100 ms  DeleteObjects: 0.018800 ms)

========================================================================
Received Import Request.
  Time since last request: 13042.873731 seconds.
  path: Assets/ScriptableObjectAssets/Dungeon/DungeonRoomNodeGraphs/RoomNodeGraph 1.asset
  artifactKey: Guid(e889a2a7d4975c546b0948b5e73987ca) Importer(815301076,1909f56bfc062723c751e8b465ee728b)
Start importing Assets/ScriptableObjectAssets/Dungeon/DungeonRoomNodeGraphs/RoomNodeGraph 1.asset using Guid(e889a2a7d4975c546b0948b5e73987ca) Importer(815301076,1909f56bfc062723c751e8b465ee728b)  -> (artifact id: '3d0ae6082f6b5a72b3d0025b8a05e927') in 0.622750 seconds 
========================================================================
Received Import Request.
  Time since last request: 1.172586 seconds.
  path: Assets/ScriptableObjectAssets/Dungeon/DungeonRoomNodeGraphs/RoomNodeGraph 1.asset
  artifactKey: Guid(e889a2a7d4975c546b0948b5e73987ca) Importer(815301076,1909f56bfc062723c751e8b465ee728b)
Start importing Assets/ScriptableObjectAssets/Dungeon/DungeonRoomNodeGraphs/RoomNodeGraph 1.asset using Guid(e889a2a7d4975c546b0948b5e73987ca) Importer(815301076,1909f56bfc062723c751e8b465ee728b)  -> (artifact id: '0f15ae4b5e9215acfa30b2c97ab14e88') in 0.011375 seconds 
========================================================================
Received Import Request.
  Time since last request: 16.209299 seconds.
  path: Assets/ScriptableObjectAssets/Dungeon/DungeonRoomNodeGraphs/RoomNodeGraph 1.asset
  artifactKey: Guid(e889a2a7d4975c546b0948b5e73987ca) Importer(815301076,1909f56bfc062723c751e8b465ee728b)
Start importing Assets/ScriptableObjectAssets/Dungeon/DungeonRoomNodeGraphs/RoomNodeGraph 1.asset using Guid(e889a2a7d4975c546b0948b5e73987ca) Importer(815301076,1909f56bfc062723c751e8b465ee728b)  -> (artifact id: '4ec288a3bcc233f9eb8944cf83cbcc0b') in 0.010719 seconds 
========================================================================
Received Import Request.
  Time since last request: 329.578211 seconds.
  path: Assets/ScriptableObjectAssets/Dungeon/DungeonRoomNodeGraphs/RoomNodeGraph 1.asset
  artifactKey: Guid(e889a2a7d4975c546b0948b5e73987ca) Importer(815301076,1909f56bfc062723c751e8b465ee728b)
Start importing Assets/ScriptableObjectAssets/Dungeon/DungeonRoomNodeGraphs/RoomNodeGraph 1.asset using Guid(e889a2a7d4975c546b0948b5e73987ca) Importer(815301076,1909f56bfc062723c751e8b465ee728b)  -> (artifact id: '33b9c102b7b7832a37e129f935b372c8') in 0.015644 seconds 
========================================================================
Received Import Request.
  Time since last request: 1.714687 seconds.
  path: Assets/ScriptableObjectAssets/Dungeon/DungeonRoomNodeGraphs/RoomNodeGraph 1.asset
  artifactKey: Guid(e889a2a7d4975c546b0948b5e73987ca) Importer(815301076,1909f56bfc062723c751e8b465ee728b)
Start importing Assets/ScriptableObjectAssets/Dungeon/DungeonRoomNodeGraphs/RoomNodeGraph 1.asset using Guid(e889a2a7d4975c546b0948b5e73987ca) Importer(815301076,1909f56bfc062723c751e8b465ee728b)  -> (artifact id: 'df1730771350e18cea1577f52b6f4eef') in 0.010502 seconds 
========================================================================
Received Prepare
Registering precompiled user dll's ...
Registered in 0.001976 seconds.
Begin MonoManager ReloadAssembly
Native extension for WindowsStandalone target not found
Refreshing native plugins compatible for Editor in 0.40 ms, found 0 plugins.
Preloading 0 native plugins for Editor in 0.00 ms.
Mono: successfully reloaded assembly
- Completed reload, in  1.271 seconds
Platform modules already initialized, skipping
Shader 'Universal Render Pipeline/Particles/Lit': fallback shader 'Universal Render Pipeline/Particles/SimpleLit' not found
Refreshing native plugins compatible for Editor in 0.37 ms, found 0 plugins.
Preloading 0 native plugins for Editor in 0.00 ms.
Unloading 2102 Unused Serialized files (Serialized files now loaded: 0)
System memory in use before: 105.7 MB.
System memory in use after: 105.8 MB.

Unloading 5 unused Assets to reduce memory usage. Loaded Objects now: 2727.
Total: 2.574600 ms (FindLiveObjects: 0.227900 ms CreateObjectMapping: 0.116500 ms MarkObjects: 2.210100 ms  DeleteObjects: 0.019000 ms)

========================================================================
Received Prepare
Registering precompiled user dll's ...
Registered in 0.001925 seconds.
Begin MonoManager ReloadAssembly
Native extension for WindowsStandalone target not found
Refreshing native plugins compatible for Editor in 0.68 ms, found 0 plugins.
Preloading 0 native plugins for Editor in 0.00 ms.
Mono: successfully reloaded assembly
- Completed reload, in  3.410 seconds
Platform modules already initialized, skipping
Shader 'Universal Render Pipeline/Particles/Lit': fallback shader 'Universal Render Pipeline/Particles/SimpleLit' not found
Refreshing native plugins compatible for Editor in 0.42 ms, found 0 plugins.
Preloading 0 native plugins for Editor in 0.00 ms.
Unloading 2102 Unused Serialized files (Serialized files now loaded: 0)
System memory in use before: 105.7 MB.
System memory in use after: 105.9 MB.

Unloading 5 unused Assets to reduce memory usage. Loaded Objects now: 2729.
Total: 3.090400 ms (FindLiveObjects: 0.268400 ms CreateObjectMapping: 0.148300 ms MarkObjects: 2.651200 ms  DeleteObjects: 0.021000 ms)

========================================================================
Received Prepare
Registering precompiled user dll's ...
Registered in 0.001525 seconds.
Begin MonoManager ReloadAssembly
Native extension for WindowsStandalone target not found
Refreshing native plugins compatible for Editor in 0.35 ms, found 0 plugins.
Preloading 0 native plugins for Editor in 0.00 ms.
Mono: successfully reloaded assembly
- Completed reload, in  1.140 seconds
Platform modules already initialized, skipping
Shader 'Universal Render Pipeline/Particles/Lit': fallback shader 'Universal Render Pipeline/Particles/SimpleLit' not found
Refreshing native plugins compatible for Editor in 0.35 ms, found 0 plugins.
Preloading 0 native plugins for Editor in 0.00 ms.
Unloading 2102 Unused Serialized files (Serialized files now loaded: 0)
System memory in use before: 105.7 MB.
System memory in use after: 105.9 MB.

Unloading 5 unused Assets to reduce memory usage. Loaded Objects now: 2731.
Total: 2.376500 ms (FindLiveObjects: 0.236700 ms CreateObjectMapping: 0.120400 ms MarkObjects: 1.983900 ms  DeleteObjects: 0.034400 ms)

========================================================================
Received Import Request.
  Time since last request: 2012.356653 seconds.
  path: Assets/ScriptableObjectAssets/Dungeon/DungeonRoomNodeGraphs/RoomNodeGraph 1.asset
  artifactKey: Guid(e889a2a7d4975c546b0948b5e73987ca) Importer(815301076,1909f56bfc062723c751e8b465ee728b)
Start importing Assets/ScriptableObjectAssets/Dungeon/DungeonRoomNodeGraphs/RoomNodeGraph 1.asset using Guid(e889a2a7d4975c546b0948b5e73987ca) Importer(815301076,1909f56bfc062723c751e8b465ee728b)  -> (artifact id: '0960706a358a0eb9180cbf6b581b484f') in 0.104851 seconds 
AssetImportWorkerClient::OnTransportError - code=2 error=End of file
