Using pre-set license
Built from '2021.1/china_unity/release' branch; Version is '2021.1.7f1c1 (4e944ebb9621) revision 5149774'; Using compiler version '192528614'; Build Type 'Release'
OS: 'Windows 10 Home China; OS build 19044.2604; Version 2009; 64bit' Language: 'zh' Physical Memory: 11928 MB
BatchMode: 1, IsHumanControllingUs: 0, StartBugReporterOnCrash: 0, Is64bit: 1, IsPro: 0

 COMMAND LINE ARGUMENTS:
E:\GraduationDesign\unity hub downloads\2021.1.7f1c1\Editor\Unity.exe
-adb2
-batchMode
-noUpm
-name
AssetImportWorker1
-projectPath
E:/GraduationDesign/Geocentric-plan
-logFile
Logs/AssetImportWorker1.log
-srvPort
13378
Successfully changed project path to: E:/GraduationDesign/Geocentric-plan
E:/GraduationDesign/Geocentric-plan
Using Asset Import Pipeline V2.
Refreshing native plugins compatible for Editor in 74.98 ms, found 0 plugins.
Preloading 0 native plugins for Editor in 0.00 ms.
Initialize engine version: 2021.1.7f1c1 (4e944ebb9621)
[Subsystems] Discovering subsystems at path E:/GraduationDesign/unity hub downloads/2021.1.7f1c1/Editor/Data/Resources/UnitySubsystems
[Subsystems] Discovering subsystems at path E:/GraduationDesign/Geocentric-plan/Assets
GfxDevice: creating device client; threaded=0; jobified=0
Direct3D:
    Version:  Direct3D 11.0 [level 11.1]
    Renderer: NVIDIA GeForce GTX 1050 Ti with Max-Q Design (ID=0x1c8c)
    Vendor:   NVIDIA
    VRAM:     1979 MB
    Driver:   24.21.13.9907
Shader 'Universal Render Pipeline/Particles/Lit': fallback shader 'Universal Render Pipeline/Particles/SimpleLit' not found
Initialize mono
Mono path[0] = 'E:/GraduationDesign/unity hub downloads/2021.1.7f1c1/Editor/Data/Managed'
Mono path[1] = 'E:/GraduationDesign/unity hub downloads/2021.1.7f1c1/Editor/Data/MonoBleedingEdge/lib/mono/unityjit'
Mono config path = 'E:/GraduationDesign/unity hub downloads/2021.1.7f1c1/Editor/Data/MonoBleedingEdge/etc'
Using monoOptions --debugger-agent=transport=dt_socket,embedding=1,server=y,suspend=n,address=127.0.0.1:56740
Begin MonoManager ReloadAssembly
Registering precompiled unity dll's ...
Register platform support module: E:/GraduationDesign/unity hub downloads/2021.1.7f1c1/Editor/Data/PlaybackEngines/WindowsStandaloneSupport/UnityEditor.WindowsStandalone.Extensions.dll
Registered in 0.001730 seconds.
Native extension for WindowsStandalone target not found
Refreshing native plugins compatible for Editor in 60.38 ms, found 0 plugins.
Preloading 0 native plugins for Editor in 0.00 ms.
Mono: successfully reloaded assembly
- Completed reload, in  1.508 seconds
Platform modules already initialized, skipping
Registering precompiled user dll's ...
Registered in 0.001559 seconds.
Begin MonoManager ReloadAssembly
Native extension for WindowsStandalone target not found
Refreshing native plugins compatible for Editor in 54.96 ms, found 0 plugins.
Preloading 0 native plugins for Editor in 0.00 ms.
Mono: successfully reloaded assembly
- Completed reload, in  3.732 seconds
Platform modules already initialized, skipping
========================================================================
Worker process is ready to serve import requests
Shader 'Universal Render Pipeline/Particles/Lit': fallback shader 'Universal Render Pipeline/Particles/SimpleLit' not found
Launched and connected shader compiler UnityShaderCompiler.exe after 0.10 seconds
Refreshing native plugins compatible for Editor in 0.52 ms, found 0 plugins.
Preloading 0 native plugins for Editor in 0.00 ms.
Unloading 2229 Unused Serialized files (Serialized files now loaded: 0)
System memory in use before: 114.9 MB.
System memory in use after: 115.0 MB.

Unloading 13 unused Assets to reduce memory usage. Loaded Objects now: 2686.
Total: 2.484200 ms (FindLiveObjects: 0.246100 ms CreateObjectMapping: 0.117500 ms MarkObjects: 2.010700 ms  DeleteObjects: 0.108900 ms)

========================================================================
Received Import Request.
  path: Assets/MyAssets/Textures/Tilemap/Barrier.png
  artifactKey: Guid(27359eb3c9dc6db429f1f22b88470f01) Importer(815301076,1909f56bfc062723c751e8b465ee728b)
Start importing Assets/MyAssets/Textures/Tilemap/Barrier.png using Guid(27359eb3c9dc6db429f1f22b88470f01) Importer(815301076,1909f56bfc062723c751e8b465ee728b)  -> (artifact id: '2a8782504c3234f1194561af91f003c9') in 0.149133 seconds 
========================================================================
Received Import Request.
  Time since last request: 0.000361 seconds.
  path: Assets/MyAssets/Tilemap/Tiles/My Tiles/Barrier 2 Tiles
  artifactKey: Guid(b0ac29c94427e794db5d741b4a1b06cb) Importer(815301076,1909f56bfc062723c751e8b465ee728b)
Start importing Assets/MyAssets/Tilemap/Tiles/My Tiles/Barrier 2 Tiles using Guid(b0ac29c94427e794db5d741b4a1b06cb) Importer(815301076,1909f56bfc062723c751e8b465ee728b)  -> (artifact id: 'b1d007db1d8661c357b78b4a87a0881c') in 0.006312 seconds 
========================================================================
Received Import Request.
  Time since last request: 39.320412 seconds.
  path: Assets/MyAssets/Textures/Tilemap/Barrier.png
  artifactKey: Guid(27359eb3c9dc6db429f1f22b88470f01) Importer(815301076,1909f56bfc062723c751e8b465ee728b)
Start importing Assets/MyAssets/Textures/Tilemap/Barrier.png using Guid(27359eb3c9dc6db429f1f22b88470f01) Importer(815301076,1909f56bfc062723c751e8b465ee728b)  -> (artifact id: '131e2fffcc5fc87943fb49e975c1b685') in 0.031135 seconds 
========================================================================
Received Import Request.
  Time since last request: 13.208845 seconds.
  path: Assets/MyAssets/Textures/Tilemap/Barrier.png
  artifactKey: Guid(27359eb3c9dc6db429f1f22b88470f01) Importer(815301076,1909f56bfc062723c751e8b465ee728b)
Start importing Assets/MyAssets/Textures/Tilemap/Barrier.png using Guid(27359eb3c9dc6db429f1f22b88470f01) Importer(815301076,1909f56bfc062723c751e8b465ee728b)  -> (artifact id: '1ee28573fe62e45650ccaa23676a2ddd') in 0.213481 seconds 
========================================================================
Received Import Request.
  Time since last request: 0.854164 seconds.
  path: Assets/MyAssets/Textures/Tilemap/CleanBot.png
  artifactKey: Guid(5ff5f491bbdced34f8c84a1ec487cf13) Importer(815301076,1909f56bfc062723c751e8b465ee728b)
Start importing Assets/MyAssets/Textures/Tilemap/CleanBot.png using Guid(5ff5f491bbdced34f8c84a1ec487cf13) Importer(815301076,1909f56bfc062723c751e8b465ee728b)  -> (artifact id: 'a128550f8da5379689a074307244eab8') in 0.026561 seconds 
========================================================================
Received Import Request.
  Time since last request: 15.630571 seconds.
  path: Assets/MyAssets/Textures/Tilemap/CleanBot.png
  artifactKey: Guid(5ff5f491bbdced34f8c84a1ec487cf13) Importer(815301076,1909f56bfc062723c751e8b465ee728b)
Start importing Assets/MyAssets/Textures/Tilemap/CleanBot.png using Guid(5ff5f491bbdced34f8c84a1ec487cf13) Importer(815301076,1909f56bfc062723c751e8b465ee728b)  -> (artifact id: '0159b10a979ffce12446d20c216ecde5') in 0.012523 seconds 
========================================================================
Received Import Request.
  Time since last request: 14.672945 seconds.
  path: Assets/MyAssets/Textures/Tilemap/CleanBot.png
  artifactKey: Guid(5ff5f491bbdced34f8c84a1ec487cf13) Importer(815301076,1909f56bfc062723c751e8b465ee728b)
Start importing Assets/MyAssets/Textures/Tilemap/CleanBot.png using Guid(5ff5f491bbdced34f8c84a1ec487cf13) Importer(815301076,1909f56bfc062723c751e8b465ee728b)  -> (artifact id: '0ca96a3ef4d4a385902af487fd1bcf2e') in 0.252855 seconds 
========================================================================
Received Import Request.
  Time since last request: 0.653041 seconds.
  path: Assets/MyAssets/Textures/Tilemap/Container.png
  artifactKey: Guid(af1f095b82433f146b0d477ac1806ae3) Importer(815301076,1909f56bfc062723c751e8b465ee728b)
Start importing Assets/MyAssets/Textures/Tilemap/Container.png using Guid(af1f095b82433f146b0d477ac1806ae3) Importer(815301076,1909f56bfc062723c751e8b465ee728b)  -> (artifact id: '29bf4948efedc9ead4b93568f1acf5f2') in 0.023643 seconds 
========================================================================
Received Import Request.
  Time since last request: 9.786301 seconds.
  path: Assets/MyAssets/Textures/Tilemap/Container.png
  artifactKey: Guid(af1f095b82433f146b0d477ac1806ae3) Importer(815301076,1909f56bfc062723c751e8b465ee728b)
Start importing Assets/MyAssets/Textures/Tilemap/Container.png using Guid(af1f095b82433f146b0d477ac1806ae3) Importer(815301076,1909f56bfc062723c751e8b465ee728b)  -> (artifact id: '09f431ca72e56c69be85180da9739efe') in 0.013380 seconds 
========================================================================
Received Import Request.
  Time since last request: 7.389370 seconds.
  path: Assets/MyAssets/Textures/Tilemap/Container.png
  artifactKey: Guid(af1f095b82433f146b0d477ac1806ae3) Importer(815301076,1909f56bfc062723c751e8b465ee728b)
Start importing Assets/MyAssets/Textures/Tilemap/Container.png using Guid(af1f095b82433f146b0d477ac1806ae3) Importer(815301076,1909f56bfc062723c751e8b465ee728b)  -> (artifact id: '340e5fabbeff97041cb6dc180f3c2689') in 0.320554 seconds 
========================================================================
Received Import Request.
  Time since last request: 17.800827 seconds.
  path: Assets/MyAssets/Textures/Tilemap/Low-TownA5.png
  artifactKey: Guid(081273a71ef13134783d63035622d713) Importer(815301076,1909f56bfc062723c751e8b465ee728b)
Start importing Assets/MyAssets/Textures/Tilemap/Low-TownA5.png using Guid(081273a71ef13134783d63035622d713) Importer(815301076,1909f56bfc062723c751e8b465ee728b)  -> (artifact id: 'a6494b59989f6dedb94ea7dfb14b89a9') in 0.019957 seconds 
========================================================================
Received Import Request.
  Time since last request: 12.748043 seconds.
  path: Assets/MyAssets/Textures/Tilemap/Low-TownA5.png
  artifactKey: Guid(081273a71ef13134783d63035622d713) Importer(815301076,1909f56bfc062723c751e8b465ee728b)
Start importing Assets/MyAssets/Textures/Tilemap/Low-TownA5.png using Guid(081273a71ef13134783d63035622d713) Importer(815301076,1909f56bfc062723c751e8b465ee728b)  -> (artifact id: '7dea5ba071967b4fd15613a4149c622d') in 0.014683 seconds 
========================================================================
Received Import Request.
  Time since last request: 12.425482 seconds.
  path: Assets/MyAssets/Textures/Tilemap/Low-TownA5.png
  artifactKey: Guid(081273a71ef13134783d63035622d713) Importer(815301076,1909f56bfc062723c751e8b465ee728b)
Start importing Assets/MyAssets/Textures/Tilemap/Low-TownA5.png using Guid(081273a71ef13134783d63035622d713) Importer(815301076,1909f56bfc062723c751e8b465ee728b)  -> (artifact id: '59a518dc600d84425294655776348c08') in 1.702507 seconds 
========================================================================
Received Import Request.
  Time since last request: 0.000280 seconds.
  path: Assets/MyAssets/Textures/Tilemap/Low-TownB.png
  artifactKey: Guid(881938544ed20a946a238b87ee01a91e) Importer(815301076,1909f56bfc062723c751e8b465ee728b)
Start importing Assets/MyAssets/Textures/Tilemap/Low-TownB.png using Guid(881938544ed20a946a238b87ee01a91e) Importer(815301076,1909f56bfc062723c751e8b465ee728b)  -> (artifact id: '8fedd308601ecdf27baae714da0103b7') in 0.018922 seconds 
========================================================================
Received Import Request.
  Time since last request: 9.276036 seconds.
  path: Assets/MyAssets/Textures/Tilemap/Low-TownB.png
  artifactKey: Guid(881938544ed20a946a238b87ee01a91e) Importer(815301076,1909f56bfc062723c751e8b465ee728b)
Start importing Assets/MyAssets/Textures/Tilemap/Low-TownB.png using Guid(881938544ed20a946a238b87ee01a91e) Importer(815301076,1909f56bfc062723c751e8b465ee728b)  -> (artifact id: 'd9abfba748dc35316d5aa3fb2d3ae2a2') in 0.016741 seconds 
========================================================================
Received Import Request.
  Time since last request: 24.366505 seconds.
  path: Assets/MyAssets/Textures/Tilemap/Low-TownB.png
  artifactKey: Guid(881938544ed20a946a238b87ee01a91e) Importer(815301076,1909f56bfc062723c751e8b465ee728b)
Start importing Assets/MyAssets/Textures/Tilemap/Low-TownB.png using Guid(881938544ed20a946a238b87ee01a91e) Importer(815301076,1909f56bfc062723c751e8b465ee728b)  -> (artifact id: '8d1fcbe4f72436d816471fe077fb9bfe') in 2.569180 seconds 
========================================================================
Received Import Request.
  Time since last request: 2.251993 seconds.
  path: Assets/MyAssets/Textures/Tilemap/Low-TownC.png
  artifactKey: Guid(2983acd5082bac140ab0eb2c2bfec08e) Importer(815301076,1909f56bfc062723c751e8b465ee728b)
Start importing Assets/MyAssets/Textures/Tilemap/Low-TownC.png using Guid(2983acd5082bac140ab0eb2c2bfec08e) Importer(815301076,1909f56bfc062723c751e8b465ee728b)  -> (artifact id: '4ba3fefa83b80d128e95bdb418bf3a9d') in 0.024475 seconds 
========================================================================
Received Import Request.
  Time since last request: 15.071907 seconds.
  path: Assets/MyAssets/Textures/Tilemap/Low-TownC.png
  artifactKey: Guid(2983acd5082bac140ab0eb2c2bfec08e) Importer(815301076,1909f56bfc062723c751e8b465ee728b)
Start importing Assets/MyAssets/Textures/Tilemap/Low-TownC.png using Guid(2983acd5082bac140ab0eb2c2bfec08e) Importer(815301076,1909f56bfc062723c751e8b465ee728b)  -> (artifact id: 'eebc9664efd4c0e394fc767dff113d16') in 0.018649 seconds 
========================================================================
Received Import Request.
  Time since last request: 17.547235 seconds.
  path: Assets/MyAssets/Textures/Tilemap/Low-TownC.png
  artifactKey: Guid(2983acd5082bac140ab0eb2c2bfec08e) Importer(815301076,1909f56bfc062723c751e8b465ee728b)
Start importing Assets/MyAssets/Textures/Tilemap/Low-TownC.png using Guid(2983acd5082bac140ab0eb2c2bfec08e) Importer(815301076,1909f56bfc062723c751e8b465ee728b)  -> (artifact id: 'c9a4dac3417c58cc683a63d37f112a35') in 3.851076 seconds 
========================================================================
Received Import Request.
  Time since last request: 29.748827 seconds.
  path: Assets/MyAssets/Textures/Tilemap/Low-TownD.png
  artifactKey: Guid(03ed06fd3159fa440ad88c2a72700768) Importer(815301076,1909f56bfc062723c751e8b465ee728b)
Start importing Assets/MyAssets/Textures/Tilemap/Low-TownD.png using Guid(03ed06fd3159fa440ad88c2a72700768) Importer(815301076,1909f56bfc062723c751e8b465ee728b)  -> (artifact id: '34c32438c1df9d6aa94cf36a1cf3d02e') in 0.034258 seconds 
========================================================================
Received Import Request.
  Time since last request: 8.853173 seconds.
  path: Assets/MyAssets/Textures/Tilemap/Low-TownD.png
  artifactKey: Guid(03ed06fd3159fa440ad88c2a72700768) Importer(815301076,1909f56bfc062723c751e8b465ee728b)
Start importing Assets/MyAssets/Textures/Tilemap/Low-TownD.png using Guid(03ed06fd3159fa440ad88c2a72700768) Importer(815301076,1909f56bfc062723c751e8b465ee728b)  -> (artifact id: '92b05568f2a9d004217b707e78efac3e') in 0.024133 seconds 
========================================================================
Received Import Request.
  Time since last request: 14.534677 seconds.
  path: Assets/MyAssets/Textures/Tilemap/Low-TownD.png
  artifactKey: Guid(03ed06fd3159fa440ad88c2a72700768) Importer(815301076,1909f56bfc062723c751e8b465ee728b)
Start importing Assets/MyAssets/Textures/Tilemap/Low-TownD.png using Guid(03ed06fd3159fa440ad88c2a72700768) Importer(815301076,1909f56bfc062723c751e8b465ee728b)  -> (artifact id: 'cae7d1f5aaf73bd44577f7ca623a88df') in 1.928663 seconds 
========================================================================
Received Import Request.
  Time since last request: 0.868718 seconds.
  path: Assets/MyAssets/Textures/Tilemap/Mid-TownA5.png
  artifactKey: Guid(0f869bf22e5ac924c8e8de20270e90ed) Importer(815301076,1909f56bfc062723c751e8b465ee728b)
Start importing Assets/MyAssets/Textures/Tilemap/Mid-TownA5.png using Guid(0f869bf22e5ac924c8e8de20270e90ed) Importer(815301076,1909f56bfc062723c751e8b465ee728b)  -> (artifact id: 'd4842e681f5cd5b1a6ba6252906c3f95') in 0.022134 seconds 
========================================================================
Received Import Request.
  Time since last request: 9.056203 seconds.
  path: Assets/MyAssets/Textures/Tilemap/Mid-TownA5.png
  artifactKey: Guid(0f869bf22e5ac924c8e8de20270e90ed) Importer(815301076,1909f56bfc062723c751e8b465ee728b)
Start importing Assets/MyAssets/Textures/Tilemap/Mid-TownA5.png using Guid(0f869bf22e5ac924c8e8de20270e90ed) Importer(815301076,1909f56bfc062723c751e8b465ee728b)  -> (artifact id: '69fa94bd50f10bf8056c5c1c2357b148') in 0.018300 seconds 
========================================================================
Received Import Request.
  Time since last request: 12.604130 seconds.
  path: Assets/MyAssets/Textures/Tilemap/Mid-TownA5.png
  artifactKey: Guid(0f869bf22e5ac924c8e8de20270e90ed) Importer(815301076,1909f56bfc062723c751e8b465ee728b)
Start importing Assets/MyAssets/Textures/Tilemap/Mid-TownA5.png using Guid(0f869bf22e5ac924c8e8de20270e90ed) Importer(815301076,1909f56bfc062723c751e8b465ee728b)  -> (artifact id: '47e6251087fd18670c5c0f0b91bf4e05') in 1.744589 seconds 
========================================================================
Received Import Request.
  Time since last request: 0.163019 seconds.
  path: Assets/MyAssets/Textures/Tilemap/Mid-TownB.png
  artifactKey: Guid(0dfb96be3b83de84fb2c92cda75fab2b) Importer(815301076,1909f56bfc062723c751e8b465ee728b)
Start importing Assets/MyAssets/Textures/Tilemap/Mid-TownB.png using Guid(0dfb96be3b83de84fb2c92cda75fab2b) Importer(815301076,1909f56bfc062723c751e8b465ee728b)  -> (artifact id: 'aeadd4a7ca7f72398da276490b95405b') in 0.025093 seconds 
========================================================================
Received Import Request.
  Time since last request: 10.326666 seconds.
  path: Assets/MyAssets/Textures/Tilemap/Mid-TownB.png
  artifactKey: Guid(0dfb96be3b83de84fb2c92cda75fab2b) Importer(815301076,1909f56bfc062723c751e8b465ee728b)
Start importing Assets/MyAssets/Textures/Tilemap/Mid-TownB.png using Guid(0dfb96be3b83de84fb2c92cda75fab2b) Importer(815301076,1909f56bfc062723c751e8b465ee728b)  -> (artifact id: '8897a3388fc82eaa29b52f7a0123f030') in 0.027567 seconds 
========================================================================
Received Import Request.
  Time since last request: 22.928159 seconds.
  path: Assets/MyAssets/Textures/Tilemap/Mid-TownB.png
  artifactKey: Guid(0dfb96be3b83de84fb2c92cda75fab2b) Importer(815301076,1909f56bfc062723c751e8b465ee728b)
Start importing Assets/MyAssets/Textures/Tilemap/Mid-TownB.png using Guid(0dfb96be3b83de84fb2c92cda75fab2b) Importer(815301076,1909f56bfc062723c751e8b465ee728b)  -> (artifact id: '0677ae6da76455949fab69a587364df3') in 2.886553 seconds 
========================================================================
Received Import Request.
  Time since last request: 0.566996 seconds.
  path: Assets/MyAssets/Textures/Tilemap/Mid-TownC.png
  artifactKey: Guid(6d30a83de541acc498f298f58377a4fc) Importer(815301076,1909f56bfc062723c751e8b465ee728b)
Start importing Assets/MyAssets/Textures/Tilemap/Mid-TownC.png using Guid(6d30a83de541acc498f298f58377a4fc) Importer(815301076,1909f56bfc062723c751e8b465ee728b)  -> (artifact id: 'e6a428d3d871b9c3cd9c35cc85251ff8') in 0.025068 seconds 
========================================================================
Received Import Request.
  Time since last request: 8.766293 seconds.
  path: Assets/MyAssets/Textures/Tilemap/Mid-TownC.png
  artifactKey: Guid(6d30a83de541acc498f298f58377a4fc) Importer(815301076,1909f56bfc062723c751e8b465ee728b)
Start importing Assets/MyAssets/Textures/Tilemap/Mid-TownC.png using Guid(6d30a83de541acc498f298f58377a4fc) Importer(815301076,1909f56bfc062723c751e8b465ee728b)  -> (artifact id: 'ff3a9304a4f1cbd58440b2b4319fe775') in 0.060768 seconds 
========================================================================
Received Import Request.
  Time since last request: 25.051978 seconds.
  path: Assets/MyAssets/Textures/Tilemap/Mid-TownC.png
  artifactKey: Guid(6d30a83de541acc498f298f58377a4fc) Importer(815301076,1909f56bfc062723c751e8b465ee728b)
Start importing Assets/MyAssets/Textures/Tilemap/Mid-TownC.png using Guid(6d30a83de541acc498f298f58377a4fc) Importer(815301076,1909f56bfc062723c751e8b465ee728b)  -> (artifact id: '6b4802cec6a5cf0168c934e8afae2a37') in 3.005480 seconds 
========================================================================
Received Import Request.
  Time since last request: 0.000292 seconds.
  path: Assets/MyAssets/Textures/Tilemap/Mid-TownD.png
  artifactKey: Guid(6850a9b9d52a99d4bb16db864022da3c) Importer(815301076,1909f56bfc062723c751e8b465ee728b)
Start importing Assets/MyAssets/Textures/Tilemap/Mid-TownD.png using Guid(6850a9b9d52a99d4bb16db864022da3c) Importer(815301076,1909f56bfc062723c751e8b465ee728b)  -> (artifact id: '56162f4952c2f1edad78283b1642d7df') in 0.020609 seconds 
========================================================================
Received Import Request.
  Time since last request: 8.506292 seconds.
  path: Assets/MyAssets/Textures/Tilemap/Mid-TownD.png
  artifactKey: Guid(6850a9b9d52a99d4bb16db864022da3c) Importer(815301076,1909f56bfc062723c751e8b465ee728b)
Start importing Assets/MyAssets/Textures/Tilemap/Mid-TownD.png using Guid(6850a9b9d52a99d4bb16db864022da3c) Importer(815301076,1909f56bfc062723c751e8b465ee728b)  -> (artifact id: '4280c9914cc9c4cebd0f7b516843a6f7') in 0.029031 seconds 
========================================================================
Received Import Request.
  Time since last request: 21.107575 seconds.
  path: Assets/MyAssets/Textures/Tilemap/Mid-TownD.png
  artifactKey: Guid(6850a9b9d52a99d4bb16db864022da3c) Importer(815301076,1909f56bfc062723c751e8b465ee728b)
Start importing Assets/MyAssets/Textures/Tilemap/Mid-TownD.png using Guid(6850a9b9d52a99d4bb16db864022da3c) Importer(815301076,1909f56bfc062723c751e8b465ee728b)  -> (artifact id: '484e71ada84eebed1e06f9f15761e8a0') in 2.670321 seconds 
========================================================================
Received Import Request.
  Time since last request: 1312.412683 seconds.
  path: Assets/MyAssets/Textures/Tilemap/Tunnel.png
  artifactKey: Guid(8b714e08ce43ff64f8225103bbac050d) Importer(815301076,1909f56bfc062723c751e8b465ee728b)
Start importing Assets/MyAssets/Textures/Tilemap/Tunnel.png using Guid(8b714e08ce43ff64f8225103bbac050d) Importer(815301076,1909f56bfc062723c751e8b465ee728b)  -> (artifact id: 'f0d41a5e9ea3115ea896e36a61a3f5c8') in 0.049490 seconds 
========================================================================
Received Import Request.
  Time since last request: 10.830753 seconds.
  path: Assets/MyAssets/Textures/Tilemap/Tunnel.png
  artifactKey: Guid(8b714e08ce43ff64f8225103bbac050d) Importer(815301076,1909f56bfc062723c751e8b465ee728b)
Start importing Assets/MyAssets/Textures/Tilemap/Tunnel.png using Guid(8b714e08ce43ff64f8225103bbac050d) Importer(815301076,1909f56bfc062723c751e8b465ee728b)  -> (artifact id: 'a0173f821261e6cb8aad0884279bd761') in 0.052112 seconds 
========================================================================
Received Import Request.
  Time since last request: 146.431765 seconds.
  path: Assets/MyAssets/Textures/Tilemap/Tunnel.png
  artifactKey: Guid(8b714e08ce43ff64f8225103bbac050d) Importer(815301076,1909f56bfc062723c751e8b465ee728b)
Start importing Assets/MyAssets/Textures/Tilemap/Tunnel.png using Guid(8b714e08ce43ff64f8225103bbac050d) Importer(815301076,1909f56bfc062723c751e8b465ee728b)  -> (artifact id: '537ee50cd11dca1e2766c50b2b73d188') in 9.266429 seconds 
========================================================================
Received Import Request.
  Time since last request: 58.971853 seconds.
  path: Assets/MyAssets/Tilemap/Palettes/My Palettes/Barrier.prefab
  artifactKey: Guid(03cb805338ded9045a7086a11eb005e1) Importer(815301076,1909f56bfc062723c751e8b465ee728b)
Start importing Assets/MyAssets/Tilemap/Palettes/My Palettes/Barrier.prefab using Guid(03cb805338ded9045a7086a11eb005e1) Importer(815301076,1909f56bfc062723c751e8b465ee728b)  -> (artifact id: '89856176dcfed32b3b4fdfa864bb12a5') in 0.019861 seconds 
========================================================================
Received Prepare
Registering precompiled user dll's ...
Registered in 0.005701 seconds.
Begin MonoManager ReloadAssembly
Native extension for WindowsStandalone target not found
Refreshing native plugins compatible for Editor in 3.46 ms, found 0 plugins.
Preloading 0 native plugins for Editor in 0.00 ms.
Mono: successfully reloaded assembly
- Completed reload, in  4.767 seconds
Platform modules already initialized, skipping
Shader 'Universal Render Pipeline/Particles/Lit': fallback shader 'Universal Render Pipeline/Particles/SimpleLit' not found
Refreshing native plugins compatible for Editor in 5.37 ms, found 0 plugins.
Preloading 0 native plugins for Editor in 0.00 ms.
Unloading 2116 Unused Serialized files (Serialized files now loaded: 0)
System memory in use before: 161.4 MB.
System memory in use after: 161.1 MB.

Unloading 5 unused Assets to reduce memory usage. Loaded Objects now: 3221.
Total: 6.461400 ms (FindLiveObjects: 0.406300 ms CreateObjectMapping: 0.224500 ms MarkObjects: 5.758800 ms  DeleteObjects: 0.068600 ms)

========================================================================
Received Prepare
Registering precompiled user dll's ...
Registered in 0.009220 seconds.
Begin MonoManager ReloadAssembly
Native extension for WindowsStandalone target not found
Refreshing native plugins compatible for Editor in 3.24 ms, found 0 plugins.
Preloading 0 native plugins for Editor in 0.00 ms.
Mono: successfully reloaded assembly
- Completed reload, in  2.062 seconds
Platform modules already initialized, skipping
Shader 'Universal Render Pipeline/Particles/Lit': fallback shader 'Universal Render Pipeline/Particles/SimpleLit' not found
Refreshing native plugins compatible for Editor in 2.32 ms, found 0 plugins.
Preloading 0 native plugins for Editor in 0.00 ms.
Unloading 2103 Unused Serialized files (Serialized files now loaded: 0)
System memory in use before: 160.4 MB.
System memory in use after: 160.6 MB.

Unloading 6 unused Assets to reduce memory usage. Loaded Objects now: 3222.
Total: 2.984800 ms (FindLiveObjects: 0.342600 ms CreateObjectMapping: 0.168200 ms MarkObjects: 2.449800 ms  DeleteObjects: 0.023000 ms)

AssetImportWorkerClient::OnTransportError - code=2 error=End of file
